Remove Pin=J1-1 From Net=MISO
Remove Pin=J1-2 From Net=+5V
Remove Pin=J1-3 From Net=SCK
Remove Pin=J1-4 From Net=MOSI
Remove Pin=J1-5 From Net=RESET
Remove Pin=J1-6 From Net=GND
Remove Pin=U1-27 From Net=MOSI
Remove Pin=U1-28 From Net=MISO
Remove Pin=U1-29 From Net=RESET
Remove Pin=U1-30 From Net=SCK
Remove Pin=U3-1 From Net=CS_ADC
Remove Pin=U3-3 From Net=ADC_VOLTAGE
Remove Pin=U3-5 From Net=MOSI
Remove Pin=U3-6 From Net=MISO
Remove Pin=U3-7 From Net=SCK
Remove Pin=U3-8 From Net=+4.096V
Remove Pin=U4-3 From Net=+5V
Remove Pin=U4-4 From Net=+4.096V
Remove Pin=U5-1 From Net=+5V
Remove Pin=U5-3 From Net=CS_DAC
Remove Pin=U5-4 From Net=SCK
Remove Pin=U5-5 From Net=MOSI
Remove Pin=U5-10 From Net=DAC_VOLTAGE
Remove Pin=U5-11 From Net=+4.096V
Remove Pin=U5-13 From Net=+4.096V
Remove Pin=U5-14 From Net=DAC_CURRENT
Remove Pin=U7-5 From Net=+5V
Remove Pin=U8-4 From Net=DAC_CURRENT
Remove Pin=U8-5 From Net=+5V
Remove Pin=U9-3 From Net=DAC_VOLTAGE
