Added Component: Designator=C1(6-0805_N)
Add component (AddParameter): Name = "CPAR"; Value = ""; VariantName = "[No Variations]"
Add component (AddParameter): Name = "LSER"; Value = ""; VariantName = "[No Variations]"
Add component (AddParameter): Name = "RLSHUNT"; Value = ""; VariantName = "[No Variations]"
Add component (AddParameter): Name = "RPAR"; Value = ""; VariantName = "[No Variations]"
Add component (AddParameter): Name = "RSER"; Value = ""; VariantName = "[No Variations]"
Add component (AddParameter): Name = "SimulationGenericComponent"; Value = "True"; VariantName = "[No Variations]"
Add component (AddParameter): Name = "TEMP"; Value = ""; VariantName = "[No Variations]"
Add component (AddParameter): Name = "Value"; Value = "100n"; VariantName = "[No Variations]"
Added Component: Designator=C2(6-0805_N)
Add component (AddParameter): Name = "CPAR"; Value = ""; VariantName = "[No Variations]"
Add component (AddParameter): Name = "LSER"; Value = ""; VariantName = "[No Variations]"
Add component (AddParameter): Name = "RLSHUNT"; Value = ""; VariantName = "[No Variations]"
Add component (AddParameter): Name = "RPAR"; Value = ""; VariantName = "[No Variations]"
Add component (AddParameter): Name = "RSER"; Value = ""; VariantName = "[No Variations]"
Add component (AddParameter): Name = "SimulationGenericComponent"; Value = "True"; VariantName = "[No Variations]"
Add component (AddParameter): Name = "TEMP"; Value = ""; VariantName = "[No Variations]"
Add component (AddParameter): Name = "Value"; Value = "100n"; VariantName = "[No Variations]"
Added Component: Designator=C3(6-0805_N)
Add component (AddParameter): Name = "CPAR"; Value = ""; VariantName = "[No Variations]"
Add component (AddParameter): Name = "LSER"; Value = ""; VariantName = "[No Variations]"
Add component (AddParameter): Name = "RLSHUNT"; Value = ""; VariantName = "[No Variations]"
Add component (AddParameter): Name = "RPAR"; Value = ""; VariantName = "[No Variations]"
Add component (AddParameter): Name = "RSER"; Value = ""; VariantName = "[No Variations]"
Add component (AddParameter): Name = "SimulationGenericComponent"; Value = "True"; VariantName = "[No Variations]"
Add component (AddParameter): Name = "TEMP"; Value = ""; VariantName = "[No Variations]"
Add component (AddParameter): Name = "Value"; Value = "0.47u"; VariantName = "[No Variations]"
Added Component: Designator=C4(RB7.6-15)
Add component (AddParameter): Name = "LatestRevisionDate"; Value = "17-Jul-2002"; VariantName = "[No Variations]"
Add component (AddParameter): Name = "LatestRevisionNote"; Value = "Re-released for DXP Platform."; VariantName = "[No Variations]"
Add component (AddParameter): Name = "PackageDescription"; Value = "Polarized Capacitor (Radial); 2 Leads"; VariantName = "[No Variations]"
Add component (AddParameter): Name = "PackageReference"; Value = "RB7.6-15"; VariantName = "[No Variations]"
Add component (AddParameter): Name = "Published"; Value = "8-Jun-2000"; VariantName = "[No Variations]"
Add component (AddParameter): Name = "Publisher"; Value = "Altium Limited"; VariantName = "[No Variations]"
Add component (AddParameter): Name = "Value"; Value = "20000u"; VariantName = "[No Variations]"
Added Component: Designator=C5(RB7.6-15)
Add component (AddParameter): Name = "LatestRevisionDate"; Value = "17-Jul-2002"; VariantName = "[No Variations]"
Add component (AddParameter): Name = "LatestRevisionNote"; Value = "Re-released for DXP Platform."; VariantName = "[No Variations]"
Add component (AddParameter): Name = "PackageDescription"; Value = "Polarized Capacitor (Radial); 2 Leads"; VariantName = "[No Variations]"
Add component (AddParameter): Name = "PackageReference"; Value = "RB7.6-15"; VariantName = "[No Variations]"
Add component (AddParameter): Name = "Published"; Value = "8-Jun-2000"; VariantName = "[No Variations]"
Add component (AddParameter): Name = "Publisher"; Value = "Altium Limited"; VariantName = "[No Variations]"
Add component (AddParameter): Name = "Value"; Value = "68u"; VariantName = "[No Variations]"
Added Component: Designator=C6(RB7.6-15)
Add component (AddParameter): Name = "LatestRevisionDate"; Value = "17-Jul-2002"; VariantName = "[No Variations]"
Add component (AddParameter): Name = "LatestRevisionNote"; Value = "Re-released for DXP Platform."; VariantName = "[No Variations]"
Add component (AddParameter): Name = "PackageDescription"; Value = "Polarized Capacitor (Radial); 2 Leads"; VariantName = "[No Variations]"
Add component (AddParameter): Name = "PackageReference"; Value = "RB7.6-15"; VariantName = "[No Variations]"
Add component (AddParameter): Name = "Published"; Value = "8-Jun-2000"; VariantName = "[No Variations]"
Add component (AddParameter): Name = "Publisher"; Value = "Altium Limited"; VariantName = "[No Variations]"
Add component (AddParameter): Name = "Value"; Value = "10u"; VariantName = "[No Variations]"
Added Component: Designator=C7(6-0805_N)
Add component (AddParameter): Name = "CPAR"; Value = ""; VariantName = "[No Variations]"
Add component (AddParameter): Name = "LSER"; Value = ""; VariantName = "[No Variations]"
Add component (AddParameter): Name = "RLSHUNT"; Value = ""; VariantName = "[No Variations]"
Add component (AddParameter): Name = "RPAR"; Value = ""; VariantName = "[No Variations]"
Add component (AddParameter): Name = "RSER"; Value = ""; VariantName = "[No Variations]"
Add component (AddParameter): Name = "SimulationGenericComponent"; Value = "True"; VariantName = "[No Variations]"
Add component (AddParameter): Name = "TEMP"; Value = ""; VariantName = "[No Variations]"
Add component (AddParameter): Name = "Value"; Value = "1u"; VariantName = "[No Variations]"
Added Component: Designator=C8(6-0805_N)
Add component (AddParameter): Name = "CPAR"; Value = ""; VariantName = "[No Variations]"
Add component (AddParameter): Name = "LSER"; Value = ""; VariantName = "[No Variations]"
Add component (AddParameter): Name = "RLSHUNT"; Value = ""; VariantName = "[No Variations]"
Add component (AddParameter): Name = "RPAR"; Value = ""; VariantName = "[No Variations]"
Add component (AddParameter): Name = "RSER"; Value = ""; VariantName = "[No Variations]"
Add component (AddParameter): Name = "SimulationGenericComponent"; Value = "True"; VariantName = "[No Variations]"
Add component (AddParameter): Name = "TEMP"; Value = ""; VariantName = "[No Variations]"
Add component (AddParameter): Name = "Value"; Value = "100n"; VariantName = "[No Variations]"
Added Component: Designator=C9(6-0805_N)
Add component (AddParameter): Name = "CPAR"; Value = ""; VariantName = "[No Variations]"
Add component (AddParameter): Name = "LSER"; Value = ""; VariantName = "[No Variations]"
Add component (AddParameter): Name = "RLSHUNT"; Value = ""; VariantName = "[No Variations]"
Add component (AddParameter): Name = "RPAR"; Value = ""; VariantName = "[No Variations]"
Add component (AddParameter): Name = "RSER"; Value = ""; VariantName = "[No Variations]"
Add component (AddParameter): Name = "SimulationGenericComponent"; Value = "True"; VariantName = "[No Variations]"
Add component (AddParameter): Name = "TEMP"; Value = ""; VariantName = "[No Variations]"
Add component (AddParameter): Name = "Value"; Value = "680p"; VariantName = "[No Variations]"
Added Component: Designator=C10(6-0805_N)
Add component (AddParameter): Name = "CPAR"; Value = ""; VariantName = "[No Variations]"
Add component (AddParameter): Name = "LSER"; Value = ""; VariantName = "[No Variations]"
Add component (AddParameter): Name = "RLSHUNT"; Value = ""; VariantName = "[No Variations]"
Add component (AddParameter): Name = "RPAR"; Value = ""; VariantName = "[No Variations]"
Add component (AddParameter): Name = "RSER"; Value = ""; VariantName = "[No Variations]"
Add component (AddParameter): Name = "SimulationGenericComponent"; Value = "True"; VariantName = "[No Variations]"
Add component (AddParameter): Name = "TEMP"; Value = ""; VariantName = "[No Variations]"
Add component (AddParameter): Name = "Value"; Value = "100n"; VariantName = "[No Variations]"
Added Component: Designator=C11(RB7.6-15)
Add component (AddParameter): Name = "LatestRevisionDate"; Value = "17-Jul-2002"; VariantName = "[No Variations]"
Add component (AddParameter): Name = "LatestRevisionNote"; Value = "Re-released for DXP Platform."; VariantName = "[No Variations]"
Add component (AddParameter): Name = "PackageDescription"; Value = "Polarized Capacitor (Radial); 2 Leads"; VariantName = "[No Variations]"
Add component (AddParameter): Name = "PackageReference"; Value = "RB7.6-15"; VariantName = "[No Variations]"
Add component (AddParameter): Name = "Published"; Value = "8-Jun-2000"; VariantName = "[No Variations]"
Add component (AddParameter): Name = "Publisher"; Value = "Altium Limited"; VariantName = "[No Variations]"
Add component (AddParameter): Name = "Value"; Value = "10u"; VariantName = "[No Variations]"
Added Component: Designator=C12(6-0805_N)
Add component (AddParameter): Name = "CPAR"; Value = ""; VariantName = "[No Variations]"
Add component (AddParameter): Name = "LSER"; Value = ""; VariantName = "[No Variations]"
Add component (AddParameter): Name = "RLSHUNT"; Value = ""; VariantName = "[No Variations]"
Add component (AddParameter): Name = "RPAR"; Value = ""; VariantName = "[No Variations]"
Add component (AddParameter): Name = "RSER"; Value = ""; VariantName = "[No Variations]"
Add component (AddParameter): Name = "SimulationGenericComponent"; Value = "True"; VariantName = "[No Variations]"
Add component (AddParameter): Name = "TEMP"; Value = ""; VariantName = "[No Variations]"
Add component (AddParameter): Name = "Value"; Value = "100n"; VariantName = "[No Variations]"
Added Component: Designator=C13(RB7.6-15)
Add component (AddParameter): Name = "LatestRevisionDate"; Value = "17-Jul-2002"; VariantName = "[No Variations]"
Add component (AddParameter): Name = "LatestRevisionNote"; Value = "Re-released for DXP Platform."; VariantName = "[No Variations]"
Add component (AddParameter): Name = "PackageDescription"; Value = "Polarized Capacitor (Radial); 2 Leads"; VariantName = "[No Variations]"
Add component (AddParameter): Name = "PackageReference"; Value = "RB7.6-15"; VariantName = "[No Variations]"
Add component (AddParameter): Name = "Published"; Value = "8-Jun-2000"; VariantName = "[No Variations]"
Add component (AddParameter): Name = "Publisher"; Value = "Altium Limited"; VariantName = "[No Variations]"
Add component (AddParameter): Name = "Value"; Value = "10u"; VariantName = "[No Variations]"
Added Component: Designator=C14(RB7.6-15)
Add component (AddParameter): Name = "LatestRevisionDate"; Value = "17-Jul-2002"; VariantName = "[No Variations]"
Add component (AddParameter): Name = "LatestRevisionNote"; Value = "Re-released for DXP Platform."; VariantName = "[No Variations]"
Add component (AddParameter): Name = "PackageDescription"; Value = "Polarized Capacitor (Radial); 2 Leads"; VariantName = "[No Variations]"
Add component (AddParameter): Name = "PackageReference"; Value = "RB7.6-15"; VariantName = "[No Variations]"
Add component (AddParameter): Name = "Published"; Value = "8-Jun-2000"; VariantName = "[No Variations]"
Add component (AddParameter): Name = "Publisher"; Value = "Altium Limited"; VariantName = "[No Variations]"
Add component (AddParameter): Name = "Value"; Value = "47u"; VariantName = "[No Variations]"
Added Component: Designator=C15(RB7.6-15)
Add component (AddParameter): Name = "LatestRevisionDate"; Value = "17-Jul-2002"; VariantName = "[No Variations]"
Add component (AddParameter): Name = "LatestRevisionNote"; Value = "Re-released for DXP Platform."; VariantName = "[No Variations]"
Add component (AddParameter): Name = "PackageDescription"; Value = "Polarized Capacitor (Radial); 2 Leads"; VariantName = "[No Variations]"
Add component (AddParameter): Name = "PackageReference"; Value = "RB7.6-15"; VariantName = "[No Variations]"
Add component (AddParameter): Name = "Published"; Value = "8-Jun-2000"; VariantName = "[No Variations]"
Add component (AddParameter): Name = "Publisher"; Value = "Altium Limited"; VariantName = "[No Variations]"
Add component (AddParameter): Name = "Value"; Value = "10u"; VariantName = "[No Variations]"
Added Component: Designator=C16(6-0805_N)
Add component (AddParameter): Name = "CPAR"; Value = ""; VariantName = "[No Variations]"
Add component (AddParameter): Name = "LSER"; Value = ""; VariantName = "[No Variations]"
Add component (AddParameter): Name = "RLSHUNT"; Value = ""; VariantName = "[No Variations]"
Add component (AddParameter): Name = "RPAR"; Value = ""; VariantName = "[No Variations]"
Add component (AddParameter): Name = "RSER"; Value = ""; VariantName = "[No Variations]"
Add component (AddParameter): Name = "SimulationGenericComponent"; Value = "True"; VariantName = "[No Variations]"
Add component (AddParameter): Name = "TEMP"; Value = ""; VariantName = "[No Variations]"
Add component (AddParameter): Name = "Value"; Value = "100n"; VariantName = "[No Variations]"
Added Component: Designator=C17(6-0805_N)
Add component (AddParameter): Name = "CPAR"; Value = ""; VariantName = "[No Variations]"
Add component (AddParameter): Name = "LSER"; Value = ""; VariantName = "[No Variations]"
Add component (AddParameter): Name = "RLSHUNT"; Value = ""; VariantName = "[No Variations]"
Add component (AddParameter): Name = "RPAR"; Value = ""; VariantName = "[No Variations]"
Add component (AddParameter): Name = "RSER"; Value = ""; VariantName = "[No Variations]"
Add component (AddParameter): Name = "SimulationGenericComponent"; Value = "True"; VariantName = "[No Variations]"
Add component (AddParameter): Name = "TEMP"; Value = ""; VariantName = "[No Variations]"
Add component (AddParameter): Name = "Value"; Value = "100n"; VariantName = "[No Variations]"
Added Component: Designator=C18(6-0805_N)
Add component (AddParameter): Name = "CPAR"; Value = ""; VariantName = "[No Variations]"
Add component (AddParameter): Name = "LSER"; Value = ""; VariantName = "[No Variations]"
Add component (AddParameter): Name = "RLSHUNT"; Value = ""; VariantName = "[No Variations]"
Add component (AddParameter): Name = "RPAR"; Value = ""; VariantName = "[No Variations]"
Add component (AddParameter): Name = "RSER"; Value = ""; VariantName = "[No Variations]"
Add component (AddParameter): Name = "SimulationGenericComponent"; Value = "True"; VariantName = "[No Variations]"
Add component (AddParameter): Name = "TEMP"; Value = ""; VariantName = "[No Variations]"
Add component (AddParameter): Name = "Value"; Value = "100n"; VariantName = "[No Variations]"
Added Component: Designator=C19(6-0805_N)
Add component (AddParameter): Name = "CPAR"; Value = ""; VariantName = "[No Variations]"
Add component (AddParameter): Name = "LSER"; Value = ""; VariantName = "[No Variations]"
Add component (AddParameter): Name = "RLSHUNT"; Value = ""; VariantName = "[No Variations]"
Add component (AddParameter): Name = "RPAR"; Value = ""; VariantName = "[No Variations]"
Add component (AddParameter): Name = "RSER"; Value = ""; VariantName = "[No Variations]"
Add component (AddParameter): Name = "SimulationGenericComponent"; Value = "True"; VariantName = "[No Variations]"
Add component (AddParameter): Name = "TEMP"; Value = ""; VariantName = "[No Variations]"
Add component (AddParameter): Name = "Value"; Value = "100n"; VariantName = "[No Variations]"
Added Component: Designator=C20(6-0805_N)
Add component (AddParameter): Name = "CPAR"; Value = ""; VariantName = "[No Variations]"
Add component (AddParameter): Name = "LSER"; Value = ""; VariantName = "[No Variations]"
Add component (AddParameter): Name = "RLSHUNT"; Value = ""; VariantName = "[No Variations]"
Add component (AddParameter): Name = "RPAR"; Value = ""; VariantName = "[No Variations]"
Add component (AddParameter): Name = "RSER"; Value = ""; VariantName = "[No Variations]"
Add component (AddParameter): Name = "SimulationGenericComponent"; Value = "True"; VariantName = "[No Variations]"
Add component (AddParameter): Name = "TEMP"; Value = ""; VariantName = "[No Variations]"
Add component (AddParameter): Name = "Value"; Value = "100n"; VariantName = "[No Variations]"
Added Component: Designator=D1(DIOM5127X229N)
Add component (AddParameter): Name = "Arrow Part Number"; Value = "B340A-E3/61T"; VariantName = "[No Variations]"
Add component (AddParameter): Name = "Arrow Price/Stock"; Value = "https://www.arrow.com/en/products/b340a-e361t/vishay?region=nac"; VariantName = "[No Variations]"
Add component (AddParameter): Name = "Datasheet Link"; Value = "https://ms.componentsearchengine.com/Datasheets/2/B340A-E3_61T.pdf"; VariantName = "[No Variations]"
Add component (AddParameter): Name = "Height"; Value = "2.29mm"; VariantName = "[No Variations]"
Add component (AddParameter): Name = "Manufacturer_Name"; Value = "Vishay"; VariantName = "[No Variations]"
Add component (AddParameter): Name = "Manufacturer_Part_Number"; Value = "B340A-E3/61T"; VariantName = "[No Variations]"
Add component (AddParameter): Name = "Mouser Part Number"; Value = "625-BD340A-E3/61T"; VariantName = "[No Variations]"
Add component (AddParameter): Name = "Mouser Price/Stock"; Value = "https://www.mouser.co.uk/ProductDetail/Vishay-General-Semiconductor/B340A-E3-61T?qs=tdXsjSi%2FIMY4I2dGLbnpzg%3D%3D"; VariantName = "[No Variations]"
Added Component: Designator=J1(61300811121)
Add component (AddParameter): Name = "Contact Resistance"; Value = "20mOhm"; VariantName = "[No Variations]"
Add component (AddParameter): Name = "Datasheet URL"; Value = "https://katalog.we-online.de/em/datasheet/6130xx11121.pdf"; VariantName = "[No Variations]"
Add component (AddParameter): Name = "Gender"; Value = "Male"; VariantName = "[No Variations]"
Add component (AddParameter): Name = "Manufacturer"; Value = "Wurth Elektronik"; VariantName = "[No Variations]"
Add component (AddParameter): Name = "Manufacturer URL"; Value = "http://www.we-online.de"; VariantName = "[No Variations]"
Add component (AddParameter): Name = "Mounting Technology"; Value = "THT"; VariantName = "[No Variations]"
Add component (AddParameter): Name = "Operating Temperature"; Value = "-40to105degC"; VariantName = "[No Variations]"
Add component (AddParameter): Name = "Orientation"; Value = "Vertical"; VariantName = "[No Variations]"
Add component (AddParameter): Name = "Package Reference"; Value = "61300811121"; VariantName = "[No Variations]"
Add component (AddParameter): Name = "Packaging"; Value = "Bag"; VariantName = "[No Variations]"
Add component (AddParameter): Name = "Part Number"; Value = "61300811121"; VariantName = "[No Variations]"
Add component (AddParameter): Name = "Pin Number"; Value = "8"; VariantName = "[No Variations]"
Add component (AddParameter): Name = "Pitch"; Value = "2.54mm"; VariantName = "[No Variations]"
Add component (AddParameter): Name = "Publisher"; Value = "WurthElektronik"; VariantName = "[No Variations]"
Add component (AddParameter): Name = "Rated Current"; Value = "3A"; VariantName = "[No Variations]"
Add component (AddParameter): Name = "Row Number"; Value = "Single"; VariantName = "[No Variations]"
Add component (AddParameter): Name = "Withstanding Voltage"; Value = "500VAC"; VariantName = "[No Variations]"
Add component (AddParameter): Name = "Working Voltage"; Value = "250VAC"; VariantName = "[No Variations]"
Added Component: Designator=J2(61300411121)
Add component (AddParameter): Name = "Contact Resistance"; Value = "20mOhm"; VariantName = "[No Variations]"
Add component (AddParameter): Name = "Datasheet URL"; Value = "https://katalog.we-online.de/em/datasheet/6130xx11121.pdf"; VariantName = "[No Variations]"
Add component (AddParameter): Name = "Gender"; Value = "Male"; VariantName = "[No Variations]"
Add component (AddParameter): Name = "Manufacturer"; Value = "Wurth Elektronik"; VariantName = "[No Variations]"
Add component (AddParameter): Name = "Manufacturer URL"; Value = "http://www.we-online.de"; VariantName = "[No Variations]"
Add component (AddParameter): Name = "Mounting Technology"; Value = "THT"; VariantName = "[No Variations]"
Add component (AddParameter): Name = "Operating Temperature"; Value = "-40to105degC"; VariantName = "[No Variations]"
Add component (AddParameter): Name = "Orientation"; Value = "Vertical"; VariantName = "[No Variations]"
Add component (AddParameter): Name = "Package Reference"; Value = "61300411121"; VariantName = "[No Variations]"
Add component (AddParameter): Name = "Packaging"; Value = "Bag"; VariantName = "[No Variations]"
Add component (AddParameter): Name = "Part Number"; Value = "61300411121"; VariantName = "[No Variations]"
Add component (AddParameter): Name = "Pin Number"; Value = "4"; VariantName = "[No Variations]"
Add component (AddParameter): Name = "Pitch"; Value = "2.54mm"; VariantName = "[No Variations]"
Add component (AddParameter): Name = "Publisher"; Value = "WurthElektronik"; VariantName = "[No Variations]"
Add component (AddParameter): Name = "Rated Current"; Value = "3A"; VariantName = "[No Variations]"
Add component (AddParameter): Name = "Row Number"; Value = "Single"; VariantName = "[No Variations]"
Add component (AddParameter): Name = "Withstanding Voltage"; Value = "500VAC"; VariantName = "[No Variations]"
Add component (AddParameter): Name = "Working Voltage"; Value = "250VAC"; VariantName = "[No Variations]"
Added Component: Designator=J3(61300411121)
Add component (AddParameter): Name = "Contact Resistance"; Value = "20mOhm"; VariantName = "[No Variations]"
Add component (AddParameter): Name = "Datasheet URL"; Value = "https://katalog.we-online.de/em/datasheet/6130xx11121.pdf"; VariantName = "[No Variations]"
Add component (AddParameter): Name = "Gender"; Value = "Male"; VariantName = "[No Variations]"
Add component (AddParameter): Name = "Manufacturer"; Value = "Wurth Elektronik"; VariantName = "[No Variations]"
Add component (AddParameter): Name = "Manufacturer URL"; Value = "http://www.we-online.de"; VariantName = "[No Variations]"
Add component (AddParameter): Name = "Mounting Technology"; Value = "THT"; VariantName = "[No Variations]"
Add component (AddParameter): Name = "Operating Temperature"; Value = "-40to105degC"; VariantName = "[No Variations]"
Add component (AddParameter): Name = "Orientation"; Value = "Vertical"; VariantName = "[No Variations]"
Add component (AddParameter): Name = "Package Reference"; Value = "61300411121"; VariantName = "[No Variations]"
Add component (AddParameter): Name = "Packaging"; Value = "Bag"; VariantName = "[No Variations]"
Add component (AddParameter): Name = "Part Number"; Value = "61300411121"; VariantName = "[No Variations]"
Add component (AddParameter): Name = "Pin Number"; Value = "4"; VariantName = "[No Variations]"
Add component (AddParameter): Name = "Pitch"; Value = "2.54mm"; VariantName = "[No Variations]"
Add component (AddParameter): Name = "Publisher"; Value = "WurthElektronik"; VariantName = "[No Variations]"
Add component (AddParameter): Name = "Rated Current"; Value = "3A"; VariantName = "[No Variations]"
Add component (AddParameter): Name = "Row Number"; Value = "Single"; VariantName = "[No Variations]"
Add component (AddParameter): Name = "Withstanding Voltage"; Value = "500VAC"; VariantName = "[No Variations]"
Add component (AddParameter): Name = "Working Voltage"; Value = "250VAC"; VariantName = "[No Variations]"
Added Component: Designator=J4(61300811121)
Add component (AddParameter): Name = "Contact Resistance"; Value = "20mOhm"; VariantName = "[No Variations]"
Add component (AddParameter): Name = "Datasheet URL"; Value = "https://katalog.we-online.de/em/datasheet/6130xx11121.pdf"; VariantName = "[No Variations]"
Add component (AddParameter): Name = "Gender"; Value = "Male"; VariantName = "[No Variations]"
Add component (AddParameter): Name = "Manufacturer"; Value = "Wurth Elektronik"; VariantName = "[No Variations]"
Add component (AddParameter): Name = "Manufacturer URL"; Value = "http://www.we-online.de"; VariantName = "[No Variations]"
Add component (AddParameter): Name = "Mounting Technology"; Value = "THT"; VariantName = "[No Variations]"
Add component (AddParameter): Name = "Operating Temperature"; Value = "-40to105degC"; VariantName = "[No Variations]"
Add component (AddParameter): Name = "Orientation"; Value = "Vertical"; VariantName = "[No Variations]"
Add component (AddParameter): Name = "Package Reference"; Value = "61300811121"; VariantName = "[No Variations]"
Add component (AddParameter): Name = "Packaging"; Value = "Bag"; VariantName = "[No Variations]"
Add component (AddParameter): Name = "Part Number"; Value = "61300811121"; VariantName = "[No Variations]"
Add component (AddParameter): Name = "Pin Number"; Value = "8"; VariantName = "[No Variations]"
Add component (AddParameter): Name = "Pitch"; Value = "2.54mm"; VariantName = "[No Variations]"
Add component (AddParameter): Name = "Publisher"; Value = "WurthElektronik"; VariantName = "[No Variations]"
Add component (AddParameter): Name = "Rated Current"; Value = "3A"; VariantName = "[No Variations]"
Add component (AddParameter): Name = "Row Number"; Value = "Single"; VariantName = "[No Variations]"
Add component (AddParameter): Name = "Withstanding Voltage"; Value = "500VAC"; VariantName = "[No Variations]"
Add component (AddParameter): Name = "Working Voltage"; Value = "250VAC"; VariantName = "[No Variations]"
Added Component: Designator=J5(61300621121)
Add component (AddParameter): Name = "Contact Resistance"; Value = "20mOhm"; VariantName = "[No Variations]"
Add component (AddParameter): Name = "Datasheet URL"; Value = "https://katalog.we-online.de/em/datasheet/6130xx21121.pdf"; VariantName = "[No Variations]"
Add component (AddParameter): Name = "Gender"; Value = "Male"; VariantName = "[No Variations]"
Add component (AddParameter): Name = "Manufacturer"; Value = "Wurth Elektronik"; VariantName = "[No Variations]"
Add component (AddParameter): Name = "Manufacturer URL"; Value = "http://www.we-online.de"; VariantName = "[No Variations]"
Add component (AddParameter): Name = "Mounting Technology"; Value = "THT"; VariantName = "[No Variations]"
Add component (AddParameter): Name = "Operating Temperature"; Value = "-40to105degC"; VariantName = "[No Variations]"
Add component (AddParameter): Name = "Orientation"; Value = "Vertical"; VariantName = "[No Variations]"
Add component (AddParameter): Name = "Package Reference"; Value = "61300621121"; VariantName = "[No Variations]"
Add component (AddParameter): Name = "Packaging"; Value = "Bag"; VariantName = "[No Variations]"
Add component (AddParameter): Name = "Part Number"; Value = "61300621121"; VariantName = "[No Variations]"
Add component (AddParameter): Name = "Pin Number"; Value = "6"; VariantName = "[No Variations]"
Add component (AddParameter): Name = "Pitch"; Value = "2.54mm"; VariantName = "[No Variations]"
Add component (AddParameter): Name = "Publisher"; Value = "WurthElektronik"; VariantName = "[No Variations]"
Add component (AddParameter): Name = "Rated Current"; Value = "3A"; VariantName = "[No Variations]"
Add component (AddParameter): Name = "Row Number"; Value = "Dual"; VariantName = "[No Variations]"
Add component (AddParameter): Name = "Withstanding Voltage"; Value = "500VAC"; VariantName = "[No Variations]"
Add component (AddParameter): Name = "Working Voltage"; Value = "250VAC"; VariantName = "[No Variations]"
Added Component: Designator=J6(TECO-282836-2_V)
Add component (AddParameter): Name = "3D Model"; Value = "282836-2.pdf"; VariantName = "[No Variations]"
Add component (AddParameter): Name = "Category"; Value = "Connectors,Interconnects"; VariantName = "[No Variations]"
Add component (AddParameter): Name = "Clamp Material - Plating"; Value = "Brass-NickelPlated"; VariantName = "[No Variations]"
Add component (AddParameter): Name = "Color"; Value = "Green"; VariantName = "[No Variations]"
Add component (AddParameter): Name = "Contact Material - Plating"; Value = "Brass-TinPlated"; VariantName = "[No Variations]"
Add component (AddParameter): Name = "Current"; Value = "13.5A"; VariantName = "[No Variations]"
Add component (AddParameter): Name = "Datasheet URL"; Value = "http://www.te.com.cn/commerce/DocumentDelivery/DDEController?Action=showdoc&DocId=Catalog+Section%7F1308389_EUROSTYLE_TERMINAL_BLOCKS%7F0607%7Fpdf%7FEnglish%7FENG_CS_1308389_EUROSTYLE_TERMINAL_BLOCKS_0607.pdf%7F282836-2"; VariantName = "[No Variations]"
Add component (AddParameter): Name = "Dynamic Catalog"; Value = "BuchananSeries"; VariantName = "[No Variations]"
Add component (AddParameter): Name = "Family"; Value = "TerminalBlocks-WiretoBoard"; VariantName = "[No Variations]"
Add component (AddParameter): Name = "Featured Product"; Value = "EurostyleTerminalBlockConnectors"; VariantName = "[No Variations]"
Add component (AddParameter): Name = "Features"; Value = "Interlocking(Side)"; VariantName = "[No Variations]"
Add component (AddParameter): Name = "Housing Material"; Value = "Polyamide(PA66),Nylon6/6"; VariantName = "[No Variations]"
Add component (AddParameter): Name = "Manufacturer"; Value = "TE Connectivity"; VariantName = "[No Variations]"
Add component (AddParameter): Name = "Manufacturer URL"; Value = "http://www.te.com"; VariantName = "[No Variations]"
Add component (AddParameter): Name = "Mating Orientation"; Value = "HorizontalwithBoard"; VariantName = "[No Variations]"
Add component (AddParameter): Name = "Mounting Type"; Value = "ThroughHole"; VariantName = "[No Variations]"
Add component (AddParameter): Name = "Number of Levels"; Value = "1"; VariantName = "[No Variations]"
Add component (AddParameter): Name = "Other Names"; Value = "5ULV-02B
A98076"; VariantName = "[No Variations]"
Add component (AddParameter): Name = "Package Description"; Value = "Female Header, Pitch 5 mm, 1 x 2 Position, Height 10 mm, Tail Length 3.5 mm"; VariantName = "[No Variations]"
Add component (AddParameter): Name = "Package Reference"; Value = "THD"; VariantName = "[No Variations]"
Add component (AddParameter): Name = "Packaging"; Value = "Bulk"; VariantName = "[No Variations]"
Add component (AddParameter): Name = "Pitch"; Value = "0.197"(5.00mm)"; VariantName = "[No Variations]"
Add component (AddParameter): Name = "Positions Per Level"; Value = "2"; VariantName = "[No Variations]"
Add component (AddParameter): Name = "Product Training Modules"; Value = "Wire-to-BoardEurostyleTerminalBlocks"; VariantName = "[No Variations]"
Add component (AddParameter): Name = "RoHS Information"; Value = "282836-2StatementofCompliance"; VariantName = "[No Variations]"
Add component (AddParameter): Name = "Screw Material - Plating"; Value = "Brass-NickelPlated"; VariantName = "[No Variations]"
Add component (AddParameter): Name = "Screw Thread"; Value = "M3"; VariantName = "[No Variations]"
Add component (AddParameter): Name = "Series"; Value = "Buchanan"; VariantName = "[No Variations]"
Add component (AddParameter): Name = "Standard Package"; Value = "300"; VariantName = "[No Variations]"
Add component (AddParameter): Name = "Torque - Screw"; Value = "0.68Nm(6Lb-In)"; VariantName = "[No Variations]"
Add component (AddParameter): Name = "Voltage"; Value = "300V"; VariantName = "[No Variations]"
Add component (AddParameter): Name = "Wire Gauge"; Value = "16-30AWG"; VariantName = "[No Variations]"
Add component (AddParameter): Name = "Wire Termination"; Value = "Screw-RisingCageClamp"; VariantName = "[No Variations]"
Added Component: Designator=J7(61300211121)
Add component (AddParameter): Name = "Contact Resistance"; Value = "20mOhm"; VariantName = "[No Variations]"
Add component (AddParameter): Name = "Datasheet URL"; Value = "https://katalog.we-online.de/em/datasheet/6130xx11121.pdf"; VariantName = "[No Variations]"
Add component (AddParameter): Name = "Gender"; Value = "Male"; VariantName = "[No Variations]"
Add component (AddParameter): Name = "Manufacturer"; Value = "Wurth Elektronik"; VariantName = "[No Variations]"
Add component (AddParameter): Name = "Manufacturer URL"; Value = "http://www.we-online.de"; VariantName = "[No Variations]"
Add component (AddParameter): Name = "Mounting Technology"; Value = "THT"; VariantName = "[No Variations]"
Add component (AddParameter): Name = "Operating Temperature"; Value = "-40to105degC"; VariantName = "[No Variations]"
Add component (AddParameter): Name = "Orientation"; Value = "Vertical"; VariantName = "[No Variations]"
Add component (AddParameter): Name = "Package Reference"; Value = "61300211121"; VariantName = "[No Variations]"
Add component (AddParameter): Name = "Packaging"; Value = "Bag"; VariantName = "[No Variations]"
Add component (AddParameter): Name = "Part Number"; Value = "61300211121"; VariantName = "[No Variations]"
Add component (AddParameter): Name = "Pin Number"; Value = "2"; VariantName = "[No Variations]"
Add component (AddParameter): Name = "Pitch"; Value = "2.54mm"; VariantName = "[No Variations]"
Add component (AddParameter): Name = "Publisher"; Value = "WurthElektronik"; VariantName = "[No Variations]"
Add component (AddParameter): Name = "Rated Current"; Value = "3A"; VariantName = "[No Variations]"
Add component (AddParameter): Name = "Row Number"; Value = "Single"; VariantName = "[No Variations]"
Add component (AddParameter): Name = "Withstanding Voltage"; Value = "500VAC"; VariantName = "[No Variations]"
Add component (AddParameter): Name = "Working Voltage"; Value = "250VAC"; VariantName = "[No Variations]"
Added Component: Designator=L1(VLS5045EX330M)
Add component (AddParameter): Name = "Arrow Part Number"; Value = "VLS5045EX-4R7M-H"; VariantName = "[No Variations]"
Add component (AddParameter): Name = "Arrow Price/Stock"; Value = "https://www.arrow.com/en/products/vls5045ex-4r7m-h/tdk?region=nac"; VariantName = "[No Variations]"
Add component (AddParameter): Name = "Datasheet Link"; Value = "https://product.tdk.com/system/files/dam/doc/product/inductor/inductor/smd/catalog/inductor_automotive_power_vls5045ex-h_en.pdf"; VariantName = "[No Variations]"
Add component (AddParameter): Name = "Height"; Value = "4mm"; VariantName = "[No Variations]"
Add component (AddParameter): Name = "Manufacturer_Name"; Value = "TDK"; VariantName = "[No Variations]"
Add component (AddParameter): Name = "Manufacturer_Part_Number"; Value = "VLS5045EX-4R7M-H"; VariantName = "[No Variations]"
Add component (AddParameter): Name = "Mouser Part Number"; Value = "810-VLS5045EX-4R7M-H"; VariantName = "[No Variations]"
Add component (AddParameter): Name = "Mouser Price/Stock"; Value = "https://www.mouser.co.uk/ProductDetail/TDK/VLS5045EX-4R7M-H?qs=EBDBlbfErPwFg%2FOwn47Q1A%3D%3D"; VariantName = "[No Variations]"
Added Component: Designator=L2(VLS5045EX330M)
Add component (AddParameter): Name = "Arrow Part Number"; Value = "VLS5045EX-4R7M-H"; VariantName = "[No Variations]"
Add component (AddParameter): Name = "Arrow Price/Stock"; Value = "https://www.arrow.com/en/products/vls5045ex-4r7m-h/tdk?region=nac"; VariantName = "[No Variations]"
Add component (AddParameter): Name = "Datasheet Link"; Value = "https://product.tdk.com/system/files/dam/doc/product/inductor/inductor/smd/catalog/inductor_automotive_power_vls5045ex-h_en.pdf"; VariantName = "[No Variations]"
Add component (AddParameter): Name = "Height"; Value = "4mm"; VariantName = "[No Variations]"
Add component (AddParameter): Name = "Manufacturer_Name"; Value = "TDK"; VariantName = "[No Variations]"
Add component (AddParameter): Name = "Manufacturer_Part_Number"; Value = "VLS5045EX-4R7M-H"; VariantName = "[No Variations]"
Add component (AddParameter): Name = "Mouser Part Number"; Value = "810-VLS5045EX-4R7M-H"; VariantName = "[No Variations]"
Add component (AddParameter): Name = "Mouser Price/Stock"; Value = "https://www.mouser.co.uk/ProductDetail/TDK/VLS5045EX-4R7M-H?qs=EBDBlbfErPwFg%2FOwn47Q1A%3D%3D"; VariantName = "[No Variations]"
Added Component: Designator=Q1(SOT96P240X110-3N)
Add component (AddParameter): Name = "Arrow Part Number"; Value = "MMBT3904-7-F"; VariantName = "[No Variations]"
Add component (AddParameter): Name = "Arrow Price/Stock"; Value = "https://www.arrow.com/en/products/mmbt3904-7-f/diodes-incorporated?region=nac"; VariantName = "[No Variations]"
Add component (AddParameter): Name = "Datasheet Link"; Value = "https://www.arrow.com/en/products/mmbt3904-7-f/diodes-incorporated"; VariantName = "[No Variations]"
Add component (AddParameter): Name = "Height"; Value = "1.1mm"; VariantName = "[No Variations]"
Add component (AddParameter): Name = "Manufacturer_Name"; Value = "Diodes Inc."; VariantName = "[No Variations]"
Add component (AddParameter): Name = "Manufacturer_Part_Number"; Value = "MMBT3904-7-F"; VariantName = "[No Variations]"
Add component (AddParameter): Name = "Mouser Part Number"; Value = "621-MMBT3904-F"; VariantName = "[No Variations]"
Add component (AddParameter): Name = "Mouser Price/Stock"; Value = "https://www.mouser.co.uk/ProductDetail/Diodes-Incorporated/MMBT3904-7-F?qs=7F%2FY8wl6X3H3eL7tHVWSBQ%3D%3D"; VariantName = "[No Variations]"
Added Component: Designator=Q2(SOT230P700X180-4N)
Add component (AddParameter): Name = "Arrow Part Number"; Value = "ZVP4525GTA"; VariantName = "[No Variations]"
Add component (AddParameter): Name = "Arrow Price/Stock"; Value = "https://www.arrow.com/en/products/zvp4525gta/diodes-incorporated?region=nac"; VariantName = "[No Variations]"
Add component (AddParameter): Name = "Datasheet Link"; Value = "https://www.diodes.com/assets/Datasheets/ZVP4525G.pdf"; VariantName = "[No Variations]"
Add component (AddParameter): Name = "Height"; Value = "1.8mm"; VariantName = "[No Variations]"
Add component (AddParameter): Name = "Manufacturer_Name"; Value = "Diodes Inc."; VariantName = "[No Variations]"
Add component (AddParameter): Name = "Manufacturer_Part_Number"; Value = "ZVP4525GTA"; VariantName = "[No Variations]"
Add component (AddParameter): Name = "Mouser Part Number"; Value = "522-ZVP4525GTA"; VariantName = "[No Variations]"
Add component (AddParameter): Name = "Mouser Price/Stock"; Value = "https://www.mouser.co.uk/ProductDetail/Diodes-Incorporated/ZVP4525GTA?qs=GedFDFLaBXFR8NEzssRbSQ%3D%3D"; VariantName = "[No Variations]"
Add Component: Footprint Not Found PV36W201C01B00
Added Component: Designator=R2(6-0805_N)
Add component (AddParameter): Name = "DTEMP"; Value = ""; VariantName = "[No Variations]"
Add component (AddParameter): Name = "SimulationGenericComponent"; Value = "True"; VariantName = "[No Variations]"
Add component (AddParameter): Name = "T_REL_LOCAL"; Value = ""; VariantName = "[No Variations]"
Add component (AddParameter): Name = "TC"; Value = ""; VariantName = "[No Variations]"
Add component (AddParameter): Name = "TC1"; Value = "0"; VariantName = "[No Variations]"
Add component (AddParameter): Name = "TC2"; Value = "0"; VariantName = "[No Variations]"
Add component (AddParameter): Name = "TEMP"; Value = ""; VariantName = "[No Variations]"
Add component (AddParameter): Name = "Value"; Value = "10k"; VariantName = "[No Variations]"
Added Component: Designator=R3(6-0805_N)
Add component (AddParameter): Name = "DTEMP"; Value = ""; VariantName = "[No Variations]"
Add component (AddParameter): Name = "SimulationGenericComponent"; Value = "True"; VariantName = "[No Variations]"
Add component (AddParameter): Name = "T_REL_LOCAL"; Value = ""; VariantName = "[No Variations]"
Add component (AddParameter): Name = "TC"; Value = ""; VariantName = "[No Variations]"
Add component (AddParameter): Name = "TC1"; Value = "0"; VariantName = "[No Variations]"
Add component (AddParameter): Name = "TC2"; Value = "0"; VariantName = "[No Variations]"
Add component (AddParameter): Name = "TEMP"; Value = ""; VariantName = "[No Variations]"
Add component (AddParameter): Name = "Value"; Value = "1R"; VariantName = "[No Variations]"
Added Component: Designator=R4(6-0805_N)
Add component (AddParameter): Name = "DTEMP"; Value = ""; VariantName = "[No Variations]"
Add component (AddParameter): Name = "SimulationGenericComponent"; Value = "True"; VariantName = "[No Variations]"
Add component (AddParameter): Name = "T_REL_LOCAL"; Value = ""; VariantName = "[No Variations]"
Add component (AddParameter): Name = "TC"; Value = ""; VariantName = "[No Variations]"
Add component (AddParameter): Name = "TC1"; Value = "0"; VariantName = "[No Variations]"
Add component (AddParameter): Name = "TC2"; Value = "0"; VariantName = "[No Variations]"
Add component (AddParameter): Name = "TEMP"; Value = ""; VariantName = "[No Variations]"
Add component (AddParameter): Name = "Value"; Value = "1R"; VariantName = "[No Variations]"
Added Component: Designator=R5(6-0805_N)
Add component (AddParameter): Name = "DTEMP"; Value = ""; VariantName = "[No Variations]"
Add component (AddParameter): Name = "SimulationGenericComponent"; Value = "True"; VariantName = "[No Variations]"
Add component (AddParameter): Name = "T_REL_LOCAL"; Value = ""; VariantName = "[No Variations]"
Add component (AddParameter): Name = "TC"; Value = ""; VariantName = "[No Variations]"
Add component (AddParameter): Name = "TC1"; Value = "0"; VariantName = "[No Variations]"
Add component (AddParameter): Name = "TC2"; Value = "0"; VariantName = "[No Variations]"
Add component (AddParameter): Name = "TEMP"; Value = ""; VariantName = "[No Variations]"
Add component (AddParameter): Name = "Value"; Value = "1R"; VariantName = "[No Variations]"
Added Component: Designator=R6(6-0805_N)
Add component (AddParameter): Name = "DTEMP"; Value = ""; VariantName = "[No Variations]"
Add component (AddParameter): Name = "SimulationGenericComponent"; Value = "True"; VariantName = "[No Variations]"
Add component (AddParameter): Name = "T_REL_LOCAL"; Value = ""; VariantName = "[No Variations]"
Add component (AddParameter): Name = "TC"; Value = ""; VariantName = "[No Variations]"
Add component (AddParameter): Name = "TC1"; Value = "0"; VariantName = "[No Variations]"
Add component (AddParameter): Name = "TC2"; Value = "0"; VariantName = "[No Variations]"
Add component (AddParameter): Name = "TEMP"; Value = ""; VariantName = "[No Variations]"
Add component (AddParameter): Name = "Value"; Value = "1R"; VariantName = "[No Variations]"
Added Component: Designator=R7(6-0805_N)
Add component (AddParameter): Name = "DTEMP"; Value = ""; VariantName = "[No Variations]"
Add component (AddParameter): Name = "SimulationGenericComponent"; Value = "True"; VariantName = "[No Variations]"
Add component (AddParameter): Name = "T_REL_LOCAL"; Value = ""; VariantName = "[No Variations]"
Add component (AddParameter): Name = "TC"; Value = ""; VariantName = "[No Variations]"
Add component (AddParameter): Name = "TC1"; Value = "0"; VariantName = "[No Variations]"
Add component (AddParameter): Name = "TC2"; Value = "0"; VariantName = "[No Variations]"
Add component (AddParameter): Name = "TEMP"; Value = ""; VariantName = "[No Variations]"
Add component (AddParameter): Name = "Value"; Value = "1R"; VariantName = "[No Variations]"
Added Component: Designator=R8(6-0805_N)
Add component (AddParameter): Name = "DTEMP"; Value = ""; VariantName = "[No Variations]"
Add component (AddParameter): Name = "SimulationGenericComponent"; Value = "True"; VariantName = "[No Variations]"
Add component (AddParameter): Name = "T_REL_LOCAL"; Value = ""; VariantName = "[No Variations]"
Add component (AddParameter): Name = "TC"; Value = ""; VariantName = "[No Variations]"
Add component (AddParameter): Name = "TC1"; Value = "0"; VariantName = "[No Variations]"
Add component (AddParameter): Name = "TC2"; Value = "0"; VariantName = "[No Variations]"
Add component (AddParameter): Name = "TEMP"; Value = ""; VariantName = "[No Variations]"
Add component (AddParameter): Name = "Value"; Value = "1R"; VariantName = "[No Variations]"
Added Component: Designator=R9(6-0805_N)
Add component (AddParameter): Name = "DTEMP"; Value = ""; VariantName = "[No Variations]"
Add component (AddParameter): Name = "SimulationGenericComponent"; Value = "True"; VariantName = "[No Variations]"
Add component (AddParameter): Name = "T_REL_LOCAL"; Value = ""; VariantName = "[No Variations]"
Add component (AddParameter): Name = "TC"; Value = ""; VariantName = "[No Variations]"
Add component (AddParameter): Name = "TC1"; Value = "0"; VariantName = "[No Variations]"
Add component (AddParameter): Name = "TC2"; Value = "0"; VariantName = "[No Variations]"
Add component (AddParameter): Name = "TEMP"; Value = ""; VariantName = "[No Variations]"
Add component (AddParameter): Name = "Value"; Value = "1R"; VariantName = "[No Variations]"
Added Component: Designator=R10(6-0805_N)
Add component (AddParameter): Name = "DTEMP"; Value = ""; VariantName = "[No Variations]"
Add component (AddParameter): Name = "SimulationGenericComponent"; Value = "True"; VariantName = "[No Variations]"
Add component (AddParameter): Name = "T_REL_LOCAL"; Value = ""; VariantName = "[No Variations]"
Add component (AddParameter): Name = "TC"; Value = ""; VariantName = "[No Variations]"
Add component (AddParameter): Name = "TC1"; Value = "0"; VariantName = "[No Variations]"
Add component (AddParameter): Name = "TC2"; Value = "0"; VariantName = "[No Variations]"
Add component (AddParameter): Name = "TEMP"; Value = ""; VariantName = "[No Variations]"
Add component (AddParameter): Name = "Value"; Value = "1R"; VariantName = "[No Variations]"
Added Component: Designator=R11(6-0805_N)
Add component (AddParameter): Name = "DTEMP"; Value = ""; VariantName = "[No Variations]"
Add component (AddParameter): Name = "SimulationGenericComponent"; Value = "True"; VariantName = "[No Variations]"
Add component (AddParameter): Name = "T_REL_LOCAL"; Value = ""; VariantName = "[No Variations]"
Add component (AddParameter): Name = "TC"; Value = ""; VariantName = "[No Variations]"
Add component (AddParameter): Name = "TC1"; Value = "0"; VariantName = "[No Variations]"
Add component (AddParameter): Name = "TC2"; Value = "0"; VariantName = "[No Variations]"
Add component (AddParameter): Name = "TEMP"; Value = ""; VariantName = "[No Variations]"
Add component (AddParameter): Name = "Value"; Value = "1R"; VariantName = "[No Variations]"
Added Component: Designator=R12(6-0805_N)
Add component (AddParameter): Name = "DTEMP"; Value = ""; VariantName = "[No Variations]"
Add component (AddParameter): Name = "SimulationGenericComponent"; Value = "True"; VariantName = "[No Variations]"
Add component (AddParameter): Name = "T_REL_LOCAL"; Value = ""; VariantName = "[No Variations]"
Add component (AddParameter): Name = "TC"; Value = ""; VariantName = "[No Variations]"
Add component (AddParameter): Name = "TC1"; Value = "0"; VariantName = "[No Variations]"
Add component (AddParameter): Name = "TC2"; Value = "0"; VariantName = "[No Variations]"
Add component (AddParameter): Name = "TEMP"; Value = ""; VariantName = "[No Variations]"
Add component (AddParameter): Name = "Value"; Value = "100k"; VariantName = "[No Variations]"
Added Component: Designator=R13(6-0805_N)
Add component (AddParameter): Name = "DTEMP"; Value = ""; VariantName = "[No Variations]"
Add component (AddParameter): Name = "SimulationGenericComponent"; Value = "True"; VariantName = "[No Variations]"
Add component (AddParameter): Name = "T_REL_LOCAL"; Value = ""; VariantName = "[No Variations]"
Add component (AddParameter): Name = "TC"; Value = ""; VariantName = "[No Variations]"
Add component (AddParameter): Name = "TC1"; Value = "0"; VariantName = "[No Variations]"
Add component (AddParameter): Name = "TC2"; Value = "0"; VariantName = "[No Variations]"
Add component (AddParameter): Name = "TEMP"; Value = ""; VariantName = "[No Variations]"
Add component (AddParameter): Name = "Value"; Value = "1R"; VariantName = "[No Variations]"
Added Component: Designator=R14(6-0805_N)
Add component (AddParameter): Name = "DTEMP"; Value = ""; VariantName = "[No Variations]"
Add component (AddParameter): Name = "SimulationGenericComponent"; Value = "True"; VariantName = "[No Variations]"
Add component (AddParameter): Name = "T_REL_LOCAL"; Value = ""; VariantName = "[No Variations]"
Add component (AddParameter): Name = "TC"; Value = ""; VariantName = "[No Variations]"
Add component (AddParameter): Name = "TC1"; Value = "0"; VariantName = "[No Variations]"
Add component (AddParameter): Name = "TC2"; Value = "0"; VariantName = "[No Variations]"
Add component (AddParameter): Name = "TEMP"; Value = ""; VariantName = "[No Variations]"
Add component (AddParameter): Name = "Value"; Value = "80k"; VariantName = "[No Variations]"
Added Component: Designator=R15(6-0805_N)
Add component (AddParameter): Name = "DTEMP"; Value = ""; VariantName = "[No Variations]"
Add component (AddParameter): Name = "SimulationGenericComponent"; Value = "True"; VariantName = "[No Variations]"
Add component (AddParameter): Name = "T_REL_LOCAL"; Value = ""; VariantName = "[No Variations]"
Add component (AddParameter): Name = "TC"; Value = ""; VariantName = "[No Variations]"
Add component (AddParameter): Name = "TC1"; Value = "0"; VariantName = "[No Variations]"
Add component (AddParameter): Name = "TC2"; Value = "0"; VariantName = "[No Variations]"
Add component (AddParameter): Name = "TEMP"; Value = ""; VariantName = "[No Variations]"
Add component (AddParameter): Name = "Value"; Value = "15.4k"; VariantName = "[No Variations]"
Added Component: Designator=R16(6-0805_N)
Add component (AddParameter): Name = "DTEMP"; Value = ""; VariantName = "[No Variations]"
Add component (AddParameter): Name = "SimulationGenericComponent"; Value = "True"; VariantName = "[No Variations]"
Add component (AddParameter): Name = "T_REL_LOCAL"; Value = ""; VariantName = "[No Variations]"
Add component (AddParameter): Name = "TC"; Value = ""; VariantName = "[No Variations]"
Add component (AddParameter): Name = "TC1"; Value = "0"; VariantName = "[No Variations]"
Add component (AddParameter): Name = "TC2"; Value = "0"; VariantName = "[No Variations]"
Add component (AddParameter): Name = "TEMP"; Value = ""; VariantName = "[No Variations]"
Add component (AddParameter): Name = "Value"; Value = "10k"; VariantName = "[No Variations]"
Added Component: Designator=R17(6-0805_N)
Add component (AddParameter): Name = "DTEMP"; Value = ""; VariantName = "[No Variations]"
Add component (AddParameter): Name = "SimulationGenericComponent"; Value = "True"; VariantName = "[No Variations]"
Add component (AddParameter): Name = "T_REL_LOCAL"; Value = ""; VariantName = "[No Variations]"
Add component (AddParameter): Name = "TC"; Value = ""; VariantName = "[No Variations]"
Add component (AddParameter): Name = "TC1"; Value = "0"; VariantName = "[No Variations]"
Add component (AddParameter): Name = "TC2"; Value = "0"; VariantName = "[No Variations]"
Add component (AddParameter): Name = "TEMP"; Value = ""; VariantName = "[No Variations]"
Add component (AddParameter): Name = "Value"; Value = "63.4k"; VariantName = "[No Variations]"
Added Component: Designator=R18(6-0805_N)
Add component (AddParameter): Name = "DTEMP"; Value = ""; VariantName = "[No Variations]"
Add component (AddParameter): Name = "SimulationGenericComponent"; Value = "True"; VariantName = "[No Variations]"
Add component (AddParameter): Name = "T_REL_LOCAL"; Value = ""; VariantName = "[No Variations]"
Add component (AddParameter): Name = "TC"; Value = ""; VariantName = "[No Variations]"
Add component (AddParameter): Name = "TC1"; Value = "0"; VariantName = "[No Variations]"
Add component (AddParameter): Name = "TC2"; Value = "0"; VariantName = "[No Variations]"
Add component (AddParameter): Name = "TEMP"; Value = ""; VariantName = "[No Variations]"
Add component (AddParameter): Name = "Value"; Value = "20k"; VariantName = "[No Variations]"
Added Component: Designator=R19(6-0805_N)
Add component (AddParameter): Name = "DTEMP"; Value = ""; VariantName = "[No Variations]"
Add component (AddParameter): Name = "SimulationGenericComponent"; Value = "True"; VariantName = "[No Variations]"
Add component (AddParameter): Name = "T_REL_LOCAL"; Value = ""; VariantName = "[No Variations]"
Add component (AddParameter): Name = "TC"; Value = ""; VariantName = "[No Variations]"
Add component (AddParameter): Name = "TC1"; Value = "0"; VariantName = "[No Variations]"
Add component (AddParameter): Name = "TC2"; Value = "0"; VariantName = "[No Variations]"
Add component (AddParameter): Name = "TEMP"; Value = ""; VariantName = "[No Variations]"
Add component (AddParameter): Name = "Value"; Value = "68R"; VariantName = "[No Variations]"
Added Component: Designator=R20(6-0805_N)
Add component (AddParameter): Name = "DTEMP"; Value = ""; VariantName = "[No Variations]"
Add component (AddParameter): Name = "SimulationGenericComponent"; Value = "True"; VariantName = "[No Variations]"
Add component (AddParameter): Name = "T_REL_LOCAL"; Value = ""; VariantName = "[No Variations]"
Add component (AddParameter): Name = "TC"; Value = ""; VariantName = "[No Variations]"
Add component (AddParameter): Name = "TC1"; Value = "0"; VariantName = "[No Variations]"
Add component (AddParameter): Name = "TC2"; Value = "0"; VariantName = "[No Variations]"
Add component (AddParameter): Name = "TEMP"; Value = ""; VariantName = "[No Variations]"
Add component (AddParameter): Name = "Value"; Value = "100R"; VariantName = "[No Variations]"
Added Component: Designator=R21(6-0805_N)
Add component (AddParameter): Name = "DTEMP"; Value = ""; VariantName = "[No Variations]"
Add component (AddParameter): Name = "SimulationGenericComponent"; Value = "True"; VariantName = "[No Variations]"
Add component (AddParameter): Name = "T_REL_LOCAL"; Value = ""; VariantName = "[No Variations]"
Add component (AddParameter): Name = "TC"; Value = ""; VariantName = "[No Variations]"
Add component (AddParameter): Name = "TC1"; Value = "0"; VariantName = "[No Variations]"
Add component (AddParameter): Name = "TC2"; Value = "0"; VariantName = "[No Variations]"
Add component (AddParameter): Name = "TEMP"; Value = ""; VariantName = "[No Variations]"
Add component (AddParameter): Name = "Value"; Value = "value"; VariantName = "[No Variations]"
Added Component: Designator=R22(6-0805_N)
Add component (AddParameter): Name = "DTEMP"; Value = ""; VariantName = "[No Variations]"
Add component (AddParameter): Name = "SimulationGenericComponent"; Value = "True"; VariantName = "[No Variations]"
Add component (AddParameter): Name = "T_REL_LOCAL"; Value = ""; VariantName = "[No Variations]"
Add component (AddParameter): Name = "TC"; Value = ""; VariantName = "[No Variations]"
Add component (AddParameter): Name = "TC1"; Value = "0"; VariantName = "[No Variations]"
Add component (AddParameter): Name = "TC2"; Value = "0"; VariantName = "[No Variations]"
Add component (AddParameter): Name = "TEMP"; Value = ""; VariantName = "[No Variations]"
Add component (AddParameter): Name = "Value"; Value = "10k"; VariantName = "[No Variations]"
Added Component: Designator=R23(6-0805_N)
Add component (AddParameter): Name = "DTEMP"; Value = ""; VariantName = "[No Variations]"
Add component (AddParameter): Name = "SimulationGenericComponent"; Value = "True"; VariantName = "[No Variations]"
Add component (AddParameter): Name = "T_REL_LOCAL"; Value = ""; VariantName = "[No Variations]"
Add component (AddParameter): Name = "TC"; Value = ""; VariantName = "[No Variations]"
Add component (AddParameter): Name = "TC1"; Value = "0"; VariantName = "[No Variations]"
Add component (AddParameter): Name = "TC2"; Value = "0"; VariantName = "[No Variations]"
Add component (AddParameter): Name = "TEMP"; Value = ""; VariantName = "[No Variations]"
Add component (AddParameter): Name = "Value"; Value = "1K"; VariantName = "[No Variations]"
Added Component: Designator=R24(6-0805_N)
Add component (AddParameter): Name = "DTEMP"; Value = ""; VariantName = "[No Variations]"
Add component (AddParameter): Name = "SimulationGenericComponent"; Value = "True"; VariantName = "[No Variations]"
Add component (AddParameter): Name = "T_REL_LOCAL"; Value = ""; VariantName = "[No Variations]"
Add component (AddParameter): Name = "TC"; Value = ""; VariantName = "[No Variations]"
Add component (AddParameter): Name = "TC1"; Value = "0"; VariantName = "[No Variations]"
Add component (AddParameter): Name = "TC2"; Value = "0"; VariantName = "[No Variations]"
Add component (AddParameter): Name = "TEMP"; Value = ""; VariantName = "[No Variations]"
Add component (AddParameter): Name = "Value"; Value = "80k"; VariantName = "[No Variations]"
Added Component: Designator=R25(6-0805_N)
Add component (AddParameter): Name = "DTEMP"; Value = ""; VariantName = "[No Variations]"
Add component (AddParameter): Name = "SimulationGenericComponent"; Value = "True"; VariantName = "[No Variations]"
Add component (AddParameter): Name = "T_REL_LOCAL"; Value = ""; VariantName = "[No Variations]"
Add component (AddParameter): Name = "TC"; Value = ""; VariantName = "[No Variations]"
Add component (AddParameter): Name = "TC1"; Value = "0"; VariantName = "[No Variations]"
Add component (AddParameter): Name = "TC2"; Value = "0"; VariantName = "[No Variations]"
Add component (AddParameter): Name = "TEMP"; Value = ""; VariantName = "[No Variations]"
Add component (AddParameter): Name = "Value"; Value = "20k"; VariantName = "[No Variations]"
Added Component: Designator=R26(6-0805_N)
Add component (AddParameter): Name = "DTEMP"; Value = ""; VariantName = "[No Variations]"
Add component (AddParameter): Name = "SimulationGenericComponent"; Value = "True"; VariantName = "[No Variations]"
Add component (AddParameter): Name = "T_REL_LOCAL"; Value = ""; VariantName = "[No Variations]"
Add component (AddParameter): Name = "TC"; Value = ""; VariantName = "[No Variations]"
Add component (AddParameter): Name = "TC1"; Value = "0"; VariantName = "[No Variations]"
Add component (AddParameter): Name = "TC2"; Value = "0"; VariantName = "[No Variations]"
Add component (AddParameter): Name = "TEMP"; Value = ""; VariantName = "[No Variations]"
Add component (AddParameter): Name = "Value"; Value = "300k"; VariantName = "[No Variations]"
Added Component: Designator=R27(6-0805_N)
Add component (AddParameter): Name = "DTEMP"; Value = ""; VariantName = "[No Variations]"
Add component (AddParameter): Name = "SimulationGenericComponent"; Value = "True"; VariantName = "[No Variations]"
Add component (AddParameter): Name = "T_REL_LOCAL"; Value = ""; VariantName = "[No Variations]"
Add component (AddParameter): Name = "TC"; Value = ""; VariantName = "[No Variations]"
Add component (AddParameter): Name = "TC1"; Value = "0"; VariantName = "[No Variations]"
Add component (AddParameter): Name = "TC2"; Value = "0"; VariantName = "[No Variations]"
Add component (AddParameter): Name = "TEMP"; Value = ""; VariantName = "[No Variations]"
Add component (AddParameter): Name = "Value"; Value = "10k"; VariantName = "[No Variations]"
Added Component: Designator=U1(QFP80P900X900X120-32N)
Added Component: Designator=U2(SOT95P280X145-5N)
Add component (AddParameter): Name = "Arrow Part Number"; Value = "REF3440SQDBVRQ1"; VariantName = "[No Variations]"
Add component (AddParameter): Name = "Arrow Price/Stock"; Value = "https://www.arrow.com/en/products/ref3440sqdbvrq1/texas-instruments?region=nac"; VariantName = "[No Variations]"
Add component (AddParameter): Name = "Datasheet Link"; Value = "https://www.ti.com/lit/gpn/REF34-Q1"; VariantName = "[No Variations]"
Add component (AddParameter): Name = "Height"; Value = "1.45mm"; VariantName = "[No Variations]"
Add component (AddParameter): Name = "Manufacturer_Name"; Value = "Texas Instruments"; VariantName = "[No Variations]"
Add component (AddParameter): Name = "Manufacturer_Part_Number"; Value = "REF3440SQDBVRQ1"; VariantName = "[No Variations]"
Add component (AddParameter): Name = "Mouser Part Number"; Value = "595-REF3440SQDBVRQ1"; VariantName = "[No Variations]"
Add component (AddParameter): Name = "Mouser Price/Stock"; Value = "https://www.mouser.co.uk/ProductDetail/Texas-Instruments/REF3440SQDBVRQ1?qs=bAKSY%2FctAC6om7nW8LpN%2Fg%3D%3D"; VariantName = "[No Variations]"
Added Component: Designator=U3(SOIC127P600X175-8N)
Add component (AddParameter): Name = "Arrow Part Number"; Value = "MCP3202-BI/SN"; VariantName = "[No Variations]"
Add component (AddParameter): Name = "Arrow Price/Stock"; Value = "https://www.arrow.com/en/products/mcp3202-bisn/microchip-technology?region=nac"; VariantName = "[No Variations]"
Add component (AddParameter): Name = "Datasheet Link"; Value = "https://datasheet.datasheetarchive.com/originals/distributors/Datasheets-19/DSA-360813.pdf"; VariantName = "[No Variations]"
Add component (AddParameter): Name = "Height"; Value = "1.75mm"; VariantName = "[No Variations]"
Add component (AddParameter): Name = "Manufacturer_Name"; Value = "Microchip"; VariantName = "[No Variations]"
Add component (AddParameter): Name = "Manufacturer_Part_Number"; Value = "MCP3202-BI/SN"; VariantName = "[No Variations]"
Add component (AddParameter): Name = "Mouser Part Number"; Value = "579-MCP3202BISN"; VariantName = "[No Variations]"
Add component (AddParameter): Name = "Mouser Price/Stock"; Value = "https://www.mouser.co.uk/ProductDetail/Microchip-Technology-Atmel/MCP3202-BI-SN?qs=C%252BuF95oynlkGMhp5%2FSqbew%3D%3D"; VariantName = "[No Variations]"
Added Component: Designator=U4(SOIC127P600X175-14N)
Add component (AddParameter): Name = "Arrow Part Number"; Value = "MCP4922T-E/SL"; VariantName = "[No Variations]"
Add component (AddParameter): Name = "Arrow Price/Stock"; Value = "https://www.arrow.com/en/products/mcp4922t-esl/microchip-technology?region=nac"; VariantName = "[No Variations]"
Add component (AddParameter): Name = "Datasheet Link"; Value = "http://ww1.microchip.com/downloads/en/DeviceDoc/22250A.pdf"; VariantName = "[No Variations]"
Add component (AddParameter): Name = "Height"; Value = "1.75mm"; VariantName = "[No Variations]"
Add component (AddParameter): Name = "Manufacturer_Name"; Value = "Microchip"; VariantName = "[No Variations]"
Add component (AddParameter): Name = "Manufacturer_Part_Number"; Value = "MCP4922T-E/SL"; VariantName = "[No Variations]"
Add component (AddParameter): Name = "Mouser Part Number"; Value = "579-MCP4922T-E/SL"; VariantName = "[No Variations]"
Add component (AddParameter): Name = "Mouser Price/Stock"; Value = "https://www.mouser.co.uk/ProductDetail/Microchip-Technology-Atmel/MCP4922T-E-SL?qs=8U9qMIGhlkqc26Xt7UKk2w%3D%3D"; VariantName = "[No Variations]"
Added Component: Designator=U5(GBU1010_T0_00601)
Add component (AddParameter): Name = "Arrow Part Number"; Value = ""; VariantName = "[No Variations]"
Add component (AddParameter): Name = "Arrow Price/Stock"; Value = ""; VariantName = "[No Variations]"
Add component (AddParameter): Name = "Datasheet Link"; Value = "https://www.panjit.com.tw/upload/datasheet/GBU1010.pdf"; VariantName = "[No Variations]"
Add component (AddParameter): Name = "Height"; Value = "21.55mm"; VariantName = "[No Variations]"
Add component (AddParameter): Name = "Manufacturer_Name"; Value = "PANJIT"; VariantName = "[No Variations]"
Add component (AddParameter): Name = "Manufacturer_Part_Number"; Value = "GBU1010_T0_00601"; VariantName = "[No Variations]"
Add component (AddParameter): Name = "Mouser Part Number"; Value = "241-GBU1010_T0_00601"; VariantName = "[No Variations]"
Add component (AddParameter): Name = "Mouser Price/Stock"; Value = "https://www.mouser.co.uk/ProductDetail/Panjit/GBU1010_T0_00601?qs=Znm5pLBrcAI2lNvio7iUfQ%3D%3D"; VariantName = "[No Variations]"
Added Component: Designator=U6(SOP50P490X110-11N)
Add component (AddParameter): Name = "Arrow Part Number"; Value = "LT3680EMSE#PBF"; VariantName = "[No Variations]"
Add component (AddParameter): Name = "Arrow Price/Stock"; Value = "https://www.arrow.com/en/products/lt3680emsepbf/analog-devices?region=nac"; VariantName = "[No Variations]"
Add component (AddParameter): Name = "Datasheet Link"; Value = "http://cds.linear.com/docs/en/datasheet/3680fb.pdf"; VariantName = "[No Variations]"
Add component (AddParameter): Name = "Height"; Value = "1.1mm"; VariantName = "[No Variations]"
Add component (AddParameter): Name = "Manufacturer_Name"; Value = "Analog Devices"; VariantName = "[No Variations]"
Add component (AddParameter): Name = "Manufacturer_Part_Number"; Value = "LT3680EMSE#PBF"; VariantName = "[No Variations]"
Add component (AddParameter): Name = "Mouser Part Number"; Value = "584-LT3680EMSE#PBF"; VariantName = "[No Variations]"
Add component (AddParameter): Name = "Mouser Price/Stock"; Value = "https://www.mouser.co.uk/ProductDetail/Analog-Devices/LT3680EMSEPBF?qs=hVkxg5c3xu84NF9L1FMYWA%3D%3D"; VariantName = "[No Variations]"
Added Component: Designator=U7(LP0003A)
Add component (AddParameter): Name = "Arrow Part Number"; Value = "LM334Z/LFT1"; VariantName = "[No Variations]"
Add component (AddParameter): Name = "Arrow Price/Stock"; Value = "https://www.arrow.com/en/products/lm334zlft1/texas-instruments?region=nac"; VariantName = "[No Variations]"
Add component (AddParameter): Name = "Datasheet Link"; Value = "http://www.ti.com/lit/ds/symlink/lm134.pdf"; VariantName = "[No Variations]"
Add component (AddParameter): Name = "Manufacturer_Name"; Value = "Texas Instruments"; VariantName = "[No Variations]"
Add component (AddParameter): Name = "Manufacturer_Part_Number"; Value = "LM334Z/LFT1"; VariantName = "[No Variations]"
Add component (AddParameter): Name = "Mouser Part Number"; Value = "926-LM334Z/LFT1"; VariantName = "[No Variations]"
Add component (AddParameter): Name = "Mouser Price/Stock"; Value = "https://www.mouser.co.uk/ProductDetail/Texas-Instruments/LM334Z-LFT1?qs=X1J7HmVL2ZHhZPl3u1Nn6g%3D%3D"; VariantName = "[No Variations]"
Added Component: Designator=U8(SOT95P280X145-5N)
Added Component: Designator=U9(SOT95P280X145-5N)
Add component (AddParameter): Name = "Arrow Part Number"; Value = "TS321ILT"; VariantName = "[No Variations]"
Add component (AddParameter): Name = "Arrow Price/Stock"; Value = "https://www.arrow.com/en/products/ts321ilt/stmicroelectronics?region=europe"; VariantName = "[No Variations]"
Add component (AddParameter): Name = "Datasheet Link"; Value = "http://www.st.com/st-web-ui/static/active/en/resource/technical/document/datasheet/CD00001647.pdf"; VariantName = "[No Variations]"
Add component (AddParameter): Name = "Height"; Value = "1.45mm"; VariantName = "[No Variations]"
Add component (AddParameter): Name = "Manufacturer_Name"; Value = "STMicroelectronics"; VariantName = "[No Variations]"
Add component (AddParameter): Name = "Manufacturer_Part_Number"; Value = "TS321ILT"; VariantName = "[No Variations]"
Add component (AddParameter): Name = "Mouser Part Number"; Value = "511-TS321IL"; VariantName = "[No Variations]"
Add component (AddParameter): Name = "Mouser Price/Stock"; Value = "https://www.mouser.co.uk/ProductDetail/STMicroelectronics/TS321ILT?qs=AYLkW%2FmgjI3DImBJVY6kBw%3D%3D"; VariantName = "[No Variations]"
Added Component: Designator=U10(SOT95P280X100-6N)
Add component (AddParameter): Name = "Arrow Part Number"; Value = "AP63205WU-7"; VariantName = "[No Variations]"
Add component (AddParameter): Name = "Arrow Price/Stock"; Value = "https://www.arrow.com/en/products/ap63205wu-7/diodes-incorporated?region=europe"; VariantName = "[No Variations]"
Add component (AddParameter): Name = "Datasheet Link"; Value = "https://www.diodes.com/assets/Datasheets/AP63200-AP63201-AP63203-AP63205.pdf"; VariantName = "[No Variations]"
Add component (AddParameter): Name = "Height"; Value = "1mm"; VariantName = "[No Variations]"
Add component (AddParameter): Name = "Manufacturer_Name"; Value = "Diodes Inc."; VariantName = "[No Variations]"
Add component (AddParameter): Name = "Manufacturer_Part_Number"; Value = "AP63205WU-7"; VariantName = "[No Variations]"
Add component (AddParameter): Name = "Mouser Part Number"; Value = "621-AP63205WU-7"; VariantName = "[No Variations]"
Add component (AddParameter): Name = "Mouser Price/Stock"; Value = "https://www.mouser.co.uk/ProductDetail/Diodes-Incorporated/AP63205WU-7?qs=u16ybLDytRZtkj8PzdWCOw%3D%3D"; VariantName = "[No Variations]"
Added Component: Designator=U11(SOT95P280X145-5N)
Add component (AddParameter): Name = "Arrow Part Number"; Value = "TS321ILT"; VariantName = "[No Variations]"
Add component (AddParameter): Name = "Arrow Price/Stock"; Value = "https://www.arrow.com/en/products/ts321ilt/stmicroelectronics?region=europe"; VariantName = "[No Variations]"
Add component (AddParameter): Name = "Datasheet Link"; Value = "http://www.st.com/st-web-ui/static/active/en/resource/technical/document/datasheet/CD00001647.pdf"; VariantName = "[No Variations]"
Add component (AddParameter): Name = "Height"; Value = "1.45mm"; VariantName = "[No Variations]"
Add component (AddParameter): Name = "Manufacturer_Name"; Value = "STMicroelectronics"; VariantName = "[No Variations]"
Add component (AddParameter): Name = "Manufacturer_Part_Number"; Value = "TS321ILT"; VariantName = "[No Variations]"
Add component (AddParameter): Name = "Mouser Part Number"; Value = "511-TS321IL"; VariantName = "[No Variations]"
Add component (AddParameter): Name = "Mouser Price/Stock"; Value = "https://www.mouser.co.uk/ProductDetail/STMicroelectronics/TS321ILT?qs=AYLkW%2FmgjI3DImBJVY6kBw%3D%3D"; VariantName = "[No Variations]"
Added Component: Designator=U12(TO170P457X1022X2306-5P)
Add component (AddParameter): Name = "Arrow Part Number"; Value = "LT3083ET#PBF"; VariantName = "[No Variations]"
Add component (AddParameter): Name = "Arrow Price/Stock"; Value = "https://www.arrow.com/en/products/lt3083etpbf/linear-technology"; VariantName = "[No Variations]"
Add component (AddParameter): Name = "Datasheet Link"; Value = "http://www.linear.com/docs/30239"; VariantName = "[No Variations]"
Add component (AddParameter): Name = "Height"; Value = "4.572mm"; VariantName = "[No Variations]"
Add component (AddParameter): Name = "Manufacturer_Name"; Value = "Analog Devices"; VariantName = "[No Variations]"
Add component (AddParameter): Name = "Manufacturer_Part_Number"; Value = "LT3083ET#PBF"; VariantName = "[No Variations]"
Add component (AddParameter): Name = "Mouser Part Number"; Value = "584-LT3083ET#PBF"; VariantName = "[No Variations]"
Add component (AddParameter): Name = "Mouser Price/Stock"; Value = "https://www.mouser.co.uk/ProductDetail/Analog-Devices/LT3083ETPBF?qs=hVkxg5c3xu%252BEQibxnmC0QQ%3D%3D"; VariantName = "[No Variations]"
Added Component: Designator=U13(SOT95P280X145-5N)
Add component (AddParameter): Name = "Arrow Part Number"; Value = "TS321ILT"; VariantName = "[No Variations]"
Add component (AddParameter): Name = "Arrow Price/Stock"; Value = "https://www.arrow.com/en/products/ts321ilt/stmicroelectronics?region=europe"; VariantName = "[No Variations]"
Add component (AddParameter): Name = "Datasheet Link"; Value = "http://www.st.com/st-web-ui/static/active/en/resource/technical/document/datasheet/CD00001647.pdf"; VariantName = "[No Variations]"
Add component (AddParameter): Name = "Height"; Value = "1.45mm"; VariantName = "[No Variations]"
Add component (AddParameter): Name = "Manufacturer_Name"; Value = "STMicroelectronics"; VariantName = "[No Variations]"
Add component (AddParameter): Name = "Manufacturer_Part_Number"; Value = "TS321ILT"; VariantName = "[No Variations]"
Add component (AddParameter): Name = "Mouser Part Number"; Value = "511-TS321IL"; VariantName = "[No Variations]"
Add component (AddParameter): Name = "Mouser Price/Stock"; Value = "https://www.mouser.co.uk/ProductDetail/STMicroelectronics/TS321ILT?qs=AYLkW%2FmgjI3DImBJVY6kBw%3D%3D"; VariantName = "[No Variations]"
Added Pin To Net: NetName=GND Pin=C1-1
Added Pin To Net: NetName=+5V Pin=C1-2
Added Pin To Net: NetName=GND Pin=C2-1
Added Pin To Net: NetName=+5V Pin=C2-2
Added Pin To Net: NetName=NetC3_1 Pin=C3-1
Added Pin To Net: NetName=NetC3_2 Pin=C3-2
Added Pin To Net: NetName=INPUT Pin=C4-1
Added Pin To Net: NetName=GND Pin=C4-2
Added Pin To Net: NetName=NetC5_1 Pin=C5-1
Added Pin To Net: NetName=GND Pin=C5-2
Added Pin To Net: NetName=SHUNT_NEG Pin=C6-1
Added Pin To Net: NetName=GND Pin=C6-2
Added Pin To Net: NetName=GND Pin=C7-1
Added Pin To Net: NetName=SHUNT_NEG Pin=C7-2
Added Pin To Net: NetName=GND Pin=C8-1
Added Pin To Net: NetName=NetC8_2 Pin=C8-2
Added Pin To Net: NetName=GND Pin=C9-1
Added Pin To Net: NetName=NetC9_2 Pin=C9-2
Added Pin To Net: NetName=GND Pin=C10-1
Added Pin To Net: NetName=NetC10_2 Pin=C10-2
Added Pin To Net: NetName=NetC11_1 Pin=C11-1
Added Pin To Net: NetName=GND Pin=C11-2
Added Pin To Net: NetName=INPUT Pin=C13-1
Added Pin To Net: NetName=GND Pin=C13-2
Added Pin To Net: NetName=+5V Pin=C14-1
Added Pin To Net: NetName=GND Pin=C14-2
Added Pin To Net: NetName=+4.096V Pin=C15-1
Added Pin To Net: NetName=GND Pin=C15-2
Added Pin To Net: NetName=GND Pin=C16-1
Added Pin To Net: NetName=+5V Pin=C16-2
Added Pin To Net: NetName=GND Pin=C17-1
Added Pin To Net: NetName=+5V Pin=C17-2
Added Pin To Net: NetName=GND Pin=C18-1
Added Pin To Net: NetName=+5V Pin=C18-2
Added Pin To Net: NetName=GND Pin=C19-1
Added Pin To Net: NetName=+5V Pin=C19-2
Added Pin To Net: NetName=GND Pin=C20-1
Added Pin To Net: NetName=+5V Pin=C20-2
Added Pin To Net: NetName=NetC3_1 Pin=D1-1
Added Pin To Net: NetName=GND Pin=D1-2
Added Pin To Net: NetName=NetJ1_1 Pin=J1-1
Added Pin To Net: NetName=NetJ1_2 Pin=J1-2
Added Pin To Net: NetName=NetJ1_3 Pin=J1-3
Added Pin To Net: NetName=NetJ1_4 Pin=J1-4
Added Pin To Net: NetName=NetJ1_5 Pin=J1-5
Added Pin To Net: NetName=NetJ1_6 Pin=J1-6
Added Pin To Net: NetName=NetJ1_7 Pin=J1-7
Added Pin To Net: NetName=NetJ1_8 Pin=J1-8
Added Pin To Net: NetName=+5V Pin=J2-1
Added Pin To Net: NetName=NetJ2_2 Pin=J2-2
Added Pin To Net: NetName=NetJ2_3 Pin=J2-3
Added Pin To Net: NetName=GND Pin=J2-4
Added Pin To Net: NetName=+5V Pin=J3-1
Added Pin To Net: NetName=NetJ3_2 Pin=J3-2
Added Pin To Net: NetName=NetJ3_3 Pin=J3-3
Added Pin To Net: NetName=GND Pin=J3-4
Added Pin To Net: NetName=GND Pin=J4-1
Added Pin To Net: NetName=+5V Pin=J4-2
Added Pin To Net: NetName=NetJ4_3 Pin=J4-3
Added Pin To Net: NetName=RS Pin=J4-4
Added Pin To Net: NetName=R/W Pin=J4-5
Added Pin To Net: NetName=EN Pin=J4-6
Added Pin To Net: NetName=MISO Pin=J5-1
Added Pin To Net: NetName=+5V Pin=J5-2
Added Pin To Net: NetName=SCK Pin=J5-3
Added Pin To Net: NetName=MOSI Pin=J5-4
Added Pin To Net: NetName=RESET Pin=J5-5
Added Pin To Net: NetName=GND Pin=J5-6
Added Pin To Net: NetName=NetJ6_1 Pin=J6-1
Added Pin To Net: NetName=NetJ6_2 Pin=J6-2
Added Pin To Net: NetName=NetJ7_1 Pin=J7-1
Added Pin To Net: NetName=GND Pin=J7-2
Added Pin To Net: NetName=NetC3_1 Pin=L1-1
Added Pin To Net: NetName=NetC5_1 Pin=L1-2
Added Pin To Net: NetName=+5V Pin=L2-2
Added Pin To Net: NetName=NetQ1_1 Pin=Q1-1
Added Pin To Net: NetName=GND Pin=Q1-2
Added Pin To Net: NetName=NetQ1_3 Pin=Q1-3
Added Pin To Net: NetName=NetQ2_1 Pin=Q2-1
Added Pin To Net: NetName=NetQ2_2 Pin=Q2-2
Added Pin To Net: NetName=NetC5_1 Pin=Q2-3
Added Pin To Net: NetName=NetQ2_2 Pin=Q2-4
Add Pin To Net: Unknown Pin: Pin R1-1
Add Pin To Net: Unknown Pin: Pin R1-2
Add Pin To Net: Unknown Pin: Pin R1-3
Added Pin To Net: NetName=CS_ADC Pin=R2-1
Added Pin To Net: NetName=+5V Pin=R2-2
Added Pin To Net: NetName=INPUT Pin=R3-1
Added Pin To Net: NetName=SHUNT_NEG Pin=R3-2
Added Pin To Net: NetName=INPUT Pin=R4-1
Added Pin To Net: NetName=SHUNT_NEG Pin=R4-2
Added Pin To Net: NetName=INPUT Pin=R5-1
Added Pin To Net: NetName=SHUNT_NEG Pin=R5-2
Added Pin To Net: NetName=INPUT Pin=R6-1
Added Pin To Net: NetName=SHUNT_NEG Pin=R6-2
Added Pin To Net: NetName=INPUT Pin=R7-1
Added Pin To Net: NetName=SHUNT_NEG Pin=R7-2
Added Pin To Net: NetName=INPUT Pin=R8-1
Added Pin To Net: NetName=SHUNT_NEG Pin=R8-2
Added Pin To Net: NetName=INPUT Pin=R9-1
Added Pin To Net: NetName=SHUNT_NEG Pin=R9-2
Added Pin To Net: NetName=INPUT Pin=R10-1
Added Pin To Net: NetName=SHUNT_NEG Pin=R10-2
Added Pin To Net: NetName=INPUT Pin=R11-1
Added Pin To Net: NetName=SHUNT_NEG Pin=R11-2
Added Pin To Net: NetName=NetC8_2 Pin=R12-1
Added Pin To Net: NetName=SHUNT_NEG Pin=R12-2
Added Pin To Net: NetName=INPUT Pin=R13-1
Added Pin To Net: NetName=SHUNT_NEG Pin=R13-2
Added Pin To Net: NetName=NetC11_1 Pin=R14-2
Added Pin To Net: NetName=NetC9_2 Pin=R15-1
Added Pin To Net: NetName=NetR15_2 Pin=R15-2
Added Pin To Net: NetName=GND Pin=R16-1
Added Pin To Net: NetName=NetQ2_2 Pin=R16-2
Added Pin To Net: NetName=GND Pin=R17-1
Added Pin To Net: NetName=NetR17_2 Pin=R17-2
Added Pin To Net: NetName=GND Pin=R18-1
Added Pin To Net: NetName=GND Pin=R19-1
Added Pin To Net: NetName=NetR19_2 Pin=R19-2
Added Pin To Net: NetName=NetQ1_3 Pin=R20-1
Added Pin To Net: NetName=NetC10_2 Pin=R20-2
Added Pin To Net: NetName=NetJ7_1 Pin=R21-1
Added Pin To Net: NetName=NetQ1_1 Pin=R21-2
Added Pin To Net: NetName=CS_DAC Pin=R22-1
Added Pin To Net: NetName=+5V Pin=R22-2
Added Pin To Net: NetName=NetR23_1 Pin=R23-1
Added Pin To Net: NetName=NetQ1_3 Pin=R23-2
Added Pin To Net: NetName=NetC10_2 Pin=R24-1
Added Pin To Net: NetName=NetR24_2 Pin=R24-2
Added Pin To Net: NetName=GND Pin=R25-1
Added Pin To Net: NetName=NetR24_2 Pin=R25-2
Added Pin To Net: NetName=NetQ2_2 Pin=R26-1
Added Pin To Net: NetName=NetC5_1 Pin=R26-2
Added Pin To Net: NetName=NetC11_1 Pin=R27-1
Added Pin To Net: NetName=NetQ2_1 Pin=R27-2
Added Pin To Net: NetName=NetJ1_3 Pin=U1-1
Added Pin To Net: NetName=NetJ1_4 Pin=U1-2
Added Pin To Net: NetName=NetJ1_5 Pin=U1-3
Added Pin To Net: NetName=+5V Pin=U1-4
Added Pin To Net: NetName=GND Pin=U1-5
Added Pin To Net: NetName=NetJ1_6 Pin=U1-6
Added Pin To Net: NetName=NetJ1_7 Pin=U1-7
Added Pin To Net: NetName=NetJ1_8 Pin=U1-8
Added Pin To Net: NetName=RS Pin=U1-9
Added Pin To Net: NetName=R/W Pin=U1-10
Added Pin To Net: NetName=EN Pin=U1-11
Added Pin To Net: NetName=CS_ADC Pin=U1-17
Added Pin To Net: NetName=+5V Pin=U1-18
Added Pin To Net: NetName=CS_DAC Pin=U1-19
Added Pin To Net: NetName=NetJ2_2 Pin=U1-20
Added Pin To Net: NetName=GND Pin=U1-21
Added Pin To Net: NetName=NetJ2_3 Pin=U1-22
Added Pin To Net: NetName=NetJ3_2 Pin=U1-23
Added Pin To Net: NetName=NetJ3_3 Pin=U1-24
Added Pin To Net: NetName=MOSI Pin=U1-27
Added Pin To Net: NetName=MISO Pin=U1-28
Added Pin To Net: NetName=RESET Pin=U1-29
Added Pin To Net: NetName=SCK Pin=U1-30
Added Pin To Net: NetName=NetJ1_1 Pin=U1-31
Added Pin To Net: NetName=NetJ1_2 Pin=U1-32
Added Pin To Net: NetName=GND Pin=U2-2
Added Pin To Net: NetName=+5V Pin=U2-3
Added Pin To Net: NetName=+4.096V Pin=U2-4
Added Pin To Net: NetName=CS_ADC Pin=U3-1
Added Pin To Net: NetName=ADC_CURRENT Pin=U3-2
Added Pin To Net: NetName=ADC_VOLTAGE Pin=U3-3
Added Pin To Net: NetName=GND Pin=U3-4
Added Pin To Net: NetName=MOSI Pin=U3-5
Added Pin To Net: NetName=MISO Pin=U3-6
Added Pin To Net: NetName=SCK Pin=U3-7
Added Pin To Net: NetName=+4.096V Pin=U3-8
Added Pin To Net: NetName=+5V Pin=U4-1
Added Pin To Net: NetName=CS_DAC Pin=U4-3
Added Pin To Net: NetName=SCK Pin=U4-4
Added Pin To Net: NetName=MOSI Pin=U4-5
Added Pin To Net: NetName=GND Pin=U4-8
Added Pin To Net: NetName=DAC_VOLTAGE Pin=U4-10
Added Pin To Net: NetName=+4.096V Pin=U4-11
Added Pin To Net: NetName=GND Pin=U4-12
Added Pin To Net: NetName=+4.096V Pin=U4-13
Added Pin To Net: NetName=DAC_CURRENT Pin=U4-14
Added Pin To Net: NetName=INPUT Pin=U5-1
Added Pin To Net: NetName=NetJ6_2 Pin=U5-2
Added Pin To Net: NetName=NetJ6_1 Pin=U5-3
Added Pin To Net: NetName=GND Pin=U5-4
Added Pin To Net: NetName=SHUNT_NEG Pin=U6-1
Added Pin To Net: NetName=NetC3_2 Pin=U6-2
Added Pin To Net: NetName=NetC3_1 Pin=U6-3
Added Pin To Net: NetName=SHUNT_NEG Pin=U6-4
Added Pin To Net: NetName=NetC8_2 Pin=U6-5
Added Pin To Net: NetName=GND Pin=U6-6
Added Pin To Net: NetName=NetQ2_2 Pin=U6-8
Added Pin To Net: NetName=NetR15_2 Pin=U6-9
Added Pin To Net: NetName=NetR17_2 Pin=U6-10
Added Pin To Net: NetName=GND Pin=U6-11
Added Pin To Net: NetName=NetC11_1 Pin=U7-1
Added Pin To Net: NetName=NetR19_2 Pin=U7-2
Added Pin To Net: NetName=GND Pin=U7-3
Added Pin To Net: NetName=ADC_CURRENT Pin=U8-1
Added Pin To Net: NetName=GND Pin=U8-2
Added Pin To Net: NetName=INPUT Pin=U8-3
Added Pin To Net: NetName=SHUNT_NEG Pin=U8-4
Added Pin To Net: NetName=+5V Pin=U8-5
Added Pin To Net: NetName=NetJ7_1 Pin=U9-1
Added Pin To Net: NetName=GND Pin=U9-2
Added Pin To Net: NetName=ADC_CURRENT Pin=U9-3
Added Pin To Net: NetName=DAC_CURRENT Pin=U9-4
Added Pin To Net: NetName=+5V Pin=U9-5
Added Pin To Net: NetName=+5V Pin=U10-1
Added Pin To Net: NetName=INPUT Pin=U10-2
Added Pin To Net: NetName=INPUT Pin=U10-3
Added Pin To Net: NetName=GND Pin=U10-4
Added Pin To Net: NetName=NetR23_1 Pin=U11-1
Added Pin To Net: NetName=GND Pin=U11-2
Added Pin To Net: NetName=DAC_VOLTAGE Pin=U11-3
Added Pin To Net: NetName=NetR24_2 Pin=U11-4
Added Pin To Net: NetName=INPUT Pin=U11-5
Added Pin To Net: NetName=NetC10_2 Pin=U12-2
Added Pin To Net: NetName=NetC11_1 Pin=U12-3
Added Pin To Net: NetName=NetC5_1 Pin=U12-4
Added Pin To Net: NetName=NetC5_1 Pin=U12-5
Added Pin To Net: NetName=ADC_VOLTAGE Pin=U13-1
Added Pin To Net: NetName=GND Pin=U13-2
Added Pin To Net: NetName=ADC_VOLTAGE Pin=U13-4
Added Pin To Net: NetName=+5V Pin=U13-5
Added Pin To Net: NetName=NetC12_1 Pin=C12-1
Added Pin To Net: NetName=NetC12_1 Pin=L2-1
Added Pin To Net: NetName=NetC12_1 Pin=U10-5
Added Net: Name=NetC12_1
Added Pin To Net: NetName=NetC12_2 Pin=C12-2
Added Pin To Net: NetName=NetC12_2 Pin=U10-6
Added Net: Name=NetC12_2
Added Pin To Net: NetName=NetR14_1 Pin=R14-1
Added Pin To Net: NetName=NetR14_1 Pin=R18-2
Added Pin To Net: NetName=NetR14_1 Pin=U13-3
Added Net: Name=NetR14_1
Added Member To Class: ClassName=1_Controller Member=Component C1 Capacitor
Added Member To Class: ClassName=1_Controller Member=Component C2 Capacitor
Added Member To Class: ClassName=2_PSU Member=Component C3 Capacitor
Added Member To Class: ClassName=2_PSU Member=Component C4 Cap Pol1
Added Member To Class: ClassName=2_PSU Member=Component C5 Cap Pol1
Added Member To Class: ClassName=2_PSU Member=Component C6 Cap Pol1
Added Member To Class: ClassName=2_PSU Member=Component C7 Capacitor
Added Member To Class: ClassName=2_PSU Member=Component C8 Capacitor
Added Member To Class: ClassName=2_PSU Member=Component C9 Capacitor
Added Member To Class: ClassName=2_PSU Member=Component C10 Capacitor
Added Member To Class: ClassName=2_PSU Member=Component C11 Cap Pol1
Added Member To Class: ClassName=2_PSU Member=Component C12 Capacitor
Added Member To Class: ClassName=2_PSU Member=Component C13 Cap Pol1
Added Member To Class: ClassName=2_PSU Member=Component C14 Cap Pol1
Added Member To Class: ClassName=2_PSU Member=Component C15 Cap Pol1
Added Member To Class: ClassName=2_PSU Member=Component C16 Capacitor
Added Member To Class: ClassName=2_PSU Member=Component C17 Capacitor
Added Member To Class: ClassName=2_PSU Member=Component C18 Capacitor
Added Member To Class: ClassName=2_PSU Member=Component C19 Capacitor
Added Member To Class: ClassName=2_PSU Member=Component C20 Capacitor
Added Member To Class: ClassName=2_PSU Member=Component D1 B340A
Added Member To Class: ClassName=1_Controller Member=Component J1 61300811121
Added Member To Class: ClassName=1_Controller Member=Component J2 61300411121
Added Member To Class: ClassName=1_Controller Member=Component J3 61300411121
Added Member To Class: ClassName=1_Controller Member=Component J4 61300811121
Added Member To Class: ClassName=1_Controller Member=Component J5 61300621121
Added Member To Class: ClassName=2_PSU Member=Component J6 282836-2
Added Member To Class: ClassName=2_PSU Member=Component J7 LED_Header
Added Member To Class: ClassName=2_PSU Member=Component L1 4.7u
Added Member To Class: ClassName=2_PSU Member=Component L2 4.7u
Added Member To Class: ClassName=2_PSU Member=Component Q1 MMBT3904-7-F
Added Member To Class: ClassName=2_PSU Member=Component Q2 ZVP4525GTA
Add Class Member: Failed to add class member : Component R1 10k
Added Member To Class: ClassName=1_Controller Member=Component R2 Resistor
Added Member To Class: ClassName=2_PSU Member=Component R3 Resistor
Added Member To Class: ClassName=2_PSU Member=Component R4 Resistor
Added Member To Class: ClassName=2_PSU Member=Component R5 Resistor
Added Member To Class: ClassName=2_PSU Member=Component R6 Resistor
Added Member To Class: ClassName=2_PSU Member=Component R7 Resistor
Added Member To Class: ClassName=2_PSU Member=Component R8 Resistor
Added Member To Class: ClassName=2_PSU Member=Component R9 Resistor
Added Member To Class: ClassName=2_PSU Member=Component R10 Resistor
Added Member To Class: ClassName=2_PSU Member=Component R11 Resistor
Added Member To Class: ClassName=2_PSU Member=Component R12 Resistor
Added Member To Class: ClassName=2_PSU Member=Component R13 Resistor
Added Member To Class: ClassName=2_PSU Member=Component R14 Resistor
Added Member To Class: ClassName=2_PSU Member=Component R15 Resistor
Added Member To Class: ClassName=2_PSU Member=Component R16 Resistor
Added Member To Class: ClassName=2_PSU Member=Component R17 Resistor
Added Member To Class: ClassName=2_PSU Member=Component R18 Resistor
Added Member To Class: ClassName=2_PSU Member=Component R19 Resistor
Added Member To Class: ClassName=2_PSU Member=Component R20 Resistor
Added Member To Class: ClassName=2_PSU Member=Component R21 Resistor
Added Member To Class: ClassName=1_Controller Member=Component R22 Resistor
Added Member To Class: ClassName=2_PSU Member=Component R23 Resistor
Added Member To Class: ClassName=2_PSU Member=Component R24 Resistor
Added Member To Class: ClassName=2_PSU Member=Component R25 Resistor
Added Member To Class: ClassName=2_PSU Member=Component R26 Resistor
Added Member To Class: ClassName=2_PSU Member=Component R27 Resistor
Added Member To Class: ClassName=1_Controller Member=Component U1 ATtiny828
Added Member To Class: ClassName=2_PSU Member=Component U2 REF3440SQDBVRQ1
Added Member To Class: ClassName=1_Controller Member=Component U3 MCP3202-BI_SN
Added Member To Class: ClassName=1_Controller Member=Component U4 MCP4922T-E_SL
Added Member To Class: ClassName=2_PSU Member=Component U5 GBU1010_T0_00601
Added Member To Class: ClassName=2_PSU Member=Component U6 LT3680EMSE#PBF
Added Member To Class: ClassName=2_PSU Member=Component U7 LM334Z_LFT1
Added Member To Class: ClassName=2_PSU Member=Component U8 INA180-Q1
Added Member To Class: ClassName=2_PSU Member=Component U9 TS321ILT
Added Member To Class: ClassName=2_PSU Member=Component U10 AP63205WU-7
Added Member To Class: ClassName=2_PSU Member=Component U11 TS321ILT
Added Member To Class: ClassName=2_PSU Member=Component U12 LT3083ET#PBF
Added Member To Class: ClassName=2_PSU Member=Component U13 TS321ILT
Added Room: Name=1_Controller
Added Room: Name=2_PSU
