Added Component: Designator=C1(6-0805_M)
Add component (AddParameter): Name = "CPAR"; Value = ""; VariantName = "[No Variations]"
Add component (AddParameter): Name = "LSER"; Value = ""; VariantName = "[No Variations]"
Add component (AddParameter): Name = "RLSHUNT"; Value = ""; VariantName = "[No Variations]"
Add component (AddParameter): Name = "RPAR"; Value = ""; VariantName = "[No Variations]"
Add component (AddParameter): Name = "RSER"; Value = ""; VariantName = "[No Variations]"
Add component (AddParameter): Name = "SimulationGenericComponent"; Value = "True"; VariantName = "[No Variations]"
Add component (AddParameter): Name = "TEMP"; Value = ""; VariantName = "[No Variations]"
Add component (AddParameter): Name = "Value"; Value = "100n"; VariantName = "[No Variations]"
Added Component: Designator=C2(6-0805_M)
Add component (AddParameter): Name = "CPAR"; Value = ""; VariantName = "[No Variations]"
Add component (AddParameter): Name = "LSER"; Value = ""; VariantName = "[No Variations]"
Add component (AddParameter): Name = "RLSHUNT"; Value = ""; VariantName = "[No Variations]"
Add component (AddParameter): Name = "RPAR"; Value = ""; VariantName = "[No Variations]"
Add component (AddParameter): Name = "RSER"; Value = ""; VariantName = "[No Variations]"
Add component (AddParameter): Name = "SimulationGenericComponent"; Value = "True"; VariantName = "[No Variations]"
Add component (AddParameter): Name = "TEMP"; Value = ""; VariantName = "[No Variations]"
Add component (AddParameter): Name = "Value"; Value = "100n"; VariantName = "[No Variations]"
Added Component: Designator=C3(6-0805_M)
Add component (AddParameter): Name = "CPAR"; Value = ""; VariantName = "[No Variations]"
Add component (AddParameter): Name = "LSER"; Value = ""; VariantName = "[No Variations]"
Add component (AddParameter): Name = "RLSHUNT"; Value = ""; VariantName = "[No Variations]"
Add component (AddParameter): Name = "RPAR"; Value = ""; VariantName = "[No Variations]"
Add component (AddParameter): Name = "RSER"; Value = ""; VariantName = "[No Variations]"
Add component (AddParameter): Name = "SimulationGenericComponent"; Value = "True"; VariantName = "[No Variations]"
Add component (AddParameter): Name = "TEMP"; Value = ""; VariantName = "[No Variations]"
Add component (AddParameter): Name = "Value"; Value = "470n"; VariantName = "[No Variations]"
Added Component: Designator=C7(6-0805_M)
Add component (AddParameter): Name = "CPAR"; Value = ""; VariantName = "[No Variations]"
Add component (AddParameter): Name = "LSER"; Value = ""; VariantName = "[No Variations]"
Add component (AddParameter): Name = "RLSHUNT"; Value = ""; VariantName = "[No Variations]"
Add component (AddParameter): Name = "RPAR"; Value = ""; VariantName = "[No Variations]"
Add component (AddParameter): Name = "RSER"; Value = ""; VariantName = "[No Variations]"
Add component (AddParameter): Name = "SimulationGenericComponent"; Value = "True"; VariantName = "[No Variations]"
Add component (AddParameter): Name = "TEMP"; Value = ""; VariantName = "[No Variations]"
Add component (AddParameter): Name = "Value"; Value = "100n"; VariantName = "[No Variations]"
Added Component: Designator=C8(6-0805_M)
Add component (AddParameter): Name = "CPAR"; Value = ""; VariantName = "[No Variations]"
Add component (AddParameter): Name = "LSER"; Value = ""; VariantName = "[No Variations]"
Add component (AddParameter): Name = "RLSHUNT"; Value = ""; VariantName = "[No Variations]"
Add component (AddParameter): Name = "RPAR"; Value = ""; VariantName = "[No Variations]"
Add component (AddParameter): Name = "RSER"; Value = ""; VariantName = "[No Variations]"
Add component (AddParameter): Name = "SimulationGenericComponent"; Value = "True"; VariantName = "[No Variations]"
Add component (AddParameter): Name = "TEMP"; Value = ""; VariantName = "[No Variations]"
Add component (AddParameter): Name = "Value"; Value = "100n"; VariantName = "[No Variations]"
Added Component: Designator=C9(6-0805_M)
Add component (AddParameter): Name = "CPAR"; Value = ""; VariantName = "[No Variations]"
Add component (AddParameter): Name = "LSER"; Value = ""; VariantName = "[No Variations]"
Add component (AddParameter): Name = "RLSHUNT"; Value = ""; VariantName = "[No Variations]"
Add component (AddParameter): Name = "RPAR"; Value = ""; VariantName = "[No Variations]"
Add component (AddParameter): Name = "RSER"; Value = ""; VariantName = "[No Variations]"
Add component (AddParameter): Name = "SimulationGenericComponent"; Value = "True"; VariantName = "[No Variations]"
Add component (AddParameter): Name = "TEMP"; Value = ""; VariantName = "[No Variations]"
Add component (AddParameter): Name = "Value"; Value = "680p"; VariantName = "[No Variations]"
Added Component: Designator=C10(6-0805_M)
Add component (AddParameter): Name = "CPAR"; Value = ""; VariantName = "[No Variations]"
Add component (AddParameter): Name = "LSER"; Value = ""; VariantName = "[No Variations]"
Add component (AddParameter): Name = "RLSHUNT"; Value = ""; VariantName = "[No Variations]"
Add component (AddParameter): Name = "RPAR"; Value = ""; VariantName = "[No Variations]"
Add component (AddParameter): Name = "RSER"; Value = ""; VariantName = "[No Variations]"
Add component (AddParameter): Name = "SimulationGenericComponent"; Value = "True"; VariantName = "[No Variations]"
Add component (AddParameter): Name = "TEMP"; Value = ""; VariantName = "[No Variations]"
Add component (AddParameter): Name = "Value"; Value = "100n"; VariantName = "[No Variations]"
Add Component: Footprint Not Found DIOM5127X229N
Added Component: Designator=J1(61300811121)
Add component (AddParameter): Name = "Contact Resistance"; Value = "20mOhm"; VariantName = "[No Variations]"
Add component (AddParameter): Name = "Datasheet URL"; Value = "https://katalog.we-online.de/em/datasheet/6130xx11121.pdf"; VariantName = "[No Variations]"
Add component (AddParameter): Name = "Gender"; Value = "Male"; VariantName = "[No Variations]"
Add component (AddParameter): Name = "Manufacturer"; Value = "Wurth Elektronik"; VariantName = "[No Variations]"
Add component (AddParameter): Name = "Manufacturer URL"; Value = "http://www.we-online.de"; VariantName = "[No Variations]"
Add component (AddParameter): Name = "Mounting Technology"; Value = "THT"; VariantName = "[No Variations]"
Add component (AddParameter): Name = "Operating Temperature"; Value = "-40to105degC"; VariantName = "[No Variations]"
Add component (AddParameter): Name = "Orientation"; Value = "Vertical"; VariantName = "[No Variations]"
Add component (AddParameter): Name = "Package Reference"; Value = "61300811121"; VariantName = "[No Variations]"
Add component (AddParameter): Name = "Packaging"; Value = "Bag"; VariantName = "[No Variations]"
Add component (AddParameter): Name = "Part Number"; Value = "61300811121"; VariantName = "[No Variations]"
Add component (AddParameter): Name = "Pin Number"; Value = "8"; VariantName = "[No Variations]"
Add component (AddParameter): Name = "Pitch"; Value = "2.54mm"; VariantName = "[No Variations]"
Add component (AddParameter): Name = "Publisher"; Value = "WurthElektronik"; VariantName = "[No Variations]"
Add component (AddParameter): Name = "Rated Current"; Value = "3A"; VariantName = "[No Variations]"
Add component (AddParameter): Name = "Row Number"; Value = "Single"; VariantName = "[No Variations]"
Add component (AddParameter): Name = "Withstanding Voltage"; Value = "500VAC"; VariantName = "[No Variations]"
Add component (AddParameter): Name = "Working Voltage"; Value = "250VAC"; VariantName = "[No Variations]"
Added Component: Designator=J2(61300411121)
Add component (AddParameter): Name = "Contact Resistance"; Value = "20mOhm"; VariantName = "[No Variations]"
Add component (AddParameter): Name = "Datasheet URL"; Value = "https://katalog.we-online.de/em/datasheet/6130xx11121.pdf"; VariantName = "[No Variations]"
Add component (AddParameter): Name = "Gender"; Value = "Male"; VariantName = "[No Variations]"
Add component (AddParameter): Name = "Manufacturer"; Value = "Wurth Elektronik"; VariantName = "[No Variations]"
Add component (AddParameter): Name = "Manufacturer URL"; Value = "http://www.we-online.de"; VariantName = "[No Variations]"
Add component (AddParameter): Name = "Mounting Technology"; Value = "THT"; VariantName = "[No Variations]"
Add component (AddParameter): Name = "Operating Temperature"; Value = "-40to105degC"; VariantName = "[No Variations]"
Add component (AddParameter): Name = "Orientation"; Value = "Vertical"; VariantName = "[No Variations]"
Add component (AddParameter): Name = "Package Reference"; Value = "61300411121"; VariantName = "[No Variations]"
Add component (AddParameter): Name = "Packaging"; Value = "Bag"; VariantName = "[No Variations]"
Add component (AddParameter): Name = "Part Number"; Value = "61300411121"; VariantName = "[No Variations]"
Add component (AddParameter): Name = "Pin Number"; Value = "4"; VariantName = "[No Variations]"
Add component (AddParameter): Name = "Pitch"; Value = "2.54mm"; VariantName = "[No Variations]"
Add component (AddParameter): Name = "Publisher"; Value = "WurthElektronik"; VariantName = "[No Variations]"
Add component (AddParameter): Name = "Rated Current"; Value = "3A"; VariantName = "[No Variations]"
Add component (AddParameter): Name = "Row Number"; Value = "Single"; VariantName = "[No Variations]"
Add component (AddParameter): Name = "Withstanding Voltage"; Value = "500VAC"; VariantName = "[No Variations]"
Add component (AddParameter): Name = "Working Voltage"; Value = "250VAC"; VariantName = "[No Variations]"
Added Component: Designator=J3(61300411121)
Add component (AddParameter): Name = "Contact Resistance"; Value = "20mOhm"; VariantName = "[No Variations]"
Add component (AddParameter): Name = "Datasheet URL"; Value = "https://katalog.we-online.de/em/datasheet/6130xx11121.pdf"; VariantName = "[No Variations]"
Add component (AddParameter): Name = "Gender"; Value = "Male"; VariantName = "[No Variations]"
Add component (AddParameter): Name = "Manufacturer"; Value = "Wurth Elektronik"; VariantName = "[No Variations]"
Add component (AddParameter): Name = "Manufacturer URL"; Value = "http://www.we-online.de"; VariantName = "[No Variations]"
Add component (AddParameter): Name = "Mounting Technology"; Value = "THT"; VariantName = "[No Variations]"
Add component (AddParameter): Name = "Operating Temperature"; Value = "-40to105degC"; VariantName = "[No Variations]"
Add component (AddParameter): Name = "Orientation"; Value = "Vertical"; VariantName = "[No Variations]"
Add component (AddParameter): Name = "Package Reference"; Value = "61300411121"; VariantName = "[No Variations]"
Add component (AddParameter): Name = "Packaging"; Value = "Bag"; VariantName = "[No Variations]"
Add component (AddParameter): Name = "Part Number"; Value = "61300411121"; VariantName = "[No Variations]"
Add component (AddParameter): Name = "Pin Number"; Value = "4"; VariantName = "[No Variations]"
Add component (AddParameter): Name = "Pitch"; Value = "2.54mm"; VariantName = "[No Variations]"
Add component (AddParameter): Name = "Publisher"; Value = "WurthElektronik"; VariantName = "[No Variations]"
Add component (AddParameter): Name = "Rated Current"; Value = "3A"; VariantName = "[No Variations]"
Add component (AddParameter): Name = "Row Number"; Value = "Single"; VariantName = "[No Variations]"
Add component (AddParameter): Name = "Withstanding Voltage"; Value = "500VAC"; VariantName = "[No Variations]"
Add component (AddParameter): Name = "Working Voltage"; Value = "250VAC"; VariantName = "[No Variations]"
Added Component: Designator=J4(61300811121)
Add component (AddParameter): Name = "Contact Resistance"; Value = "20mOhm"; VariantName = "[No Variations]"
Add component (AddParameter): Name = "Datasheet URL"; Value = "https://katalog.we-online.de/em/datasheet/6130xx11121.pdf"; VariantName = "[No Variations]"
Add component (AddParameter): Name = "Gender"; Value = "Male"; VariantName = "[No Variations]"
Add component (AddParameter): Name = "Manufacturer"; Value = "Wurth Elektronik"; VariantName = "[No Variations]"
Add component (AddParameter): Name = "Manufacturer URL"; Value = "http://www.we-online.de"; VariantName = "[No Variations]"
Add component (AddParameter): Name = "Mounting Technology"; Value = "THT"; VariantName = "[No Variations]"
Add component (AddParameter): Name = "Operating Temperature"; Value = "-40to105degC"; VariantName = "[No Variations]"
Add component (AddParameter): Name = "Orientation"; Value = "Vertical"; VariantName = "[No Variations]"
Add component (AddParameter): Name = "Package Reference"; Value = "61300811121"; VariantName = "[No Variations]"
Add component (AddParameter): Name = "Packaging"; Value = "Bag"; VariantName = "[No Variations]"
Add component (AddParameter): Name = "Part Number"; Value = "61300811121"; VariantName = "[No Variations]"
Add component (AddParameter): Name = "Pin Number"; Value = "8"; VariantName = "[No Variations]"
Add component (AddParameter): Name = "Pitch"; Value = "2.54mm"; VariantName = "[No Variations]"
Add component (AddParameter): Name = "Publisher"; Value = "WurthElektronik"; VariantName = "[No Variations]"
Add component (AddParameter): Name = "Rated Current"; Value = "3A"; VariantName = "[No Variations]"
Add component (AddParameter): Name = "Row Number"; Value = "Single"; VariantName = "[No Variations]"
Add component (AddParameter): Name = "Withstanding Voltage"; Value = "500VAC"; VariantName = "[No Variations]"
Add component (AddParameter): Name = "Working Voltage"; Value = "250VAC"; VariantName = "[No Variations]"
Added Component: Designator=J5(61300621121)
Add component (AddParameter): Name = "Contact Resistance"; Value = "20mOhm"; VariantName = "[No Variations]"
Add component (AddParameter): Name = "Datasheet URL"; Value = "https://katalog.we-online.de/em/datasheet/6130xx21121.pdf"; VariantName = "[No Variations]"
Add component (AddParameter): Name = "Gender"; Value = "Male"; VariantName = "[No Variations]"
Add component (AddParameter): Name = "Manufacturer"; Value = "Wurth Elektronik"; VariantName = "[No Variations]"
Add component (AddParameter): Name = "Manufacturer URL"; Value = "http://www.we-online.de"; VariantName = "[No Variations]"
Add component (AddParameter): Name = "Mounting Technology"; Value = "THT"; VariantName = "[No Variations]"
Add component (AddParameter): Name = "Operating Temperature"; Value = "-40to105degC"; VariantName = "[No Variations]"
Add component (AddParameter): Name = "Orientation"; Value = "Vertical"; VariantName = "[No Variations]"
Add component (AddParameter): Name = "Package Reference"; Value = "61300621121"; VariantName = "[No Variations]"
Add component (AddParameter): Name = "Packaging"; Value = "Bag"; VariantName = "[No Variations]"
Add component (AddParameter): Name = "Part Number"; Value = "61300621121"; VariantName = "[No Variations]"
Add component (AddParameter): Name = "Pin Number"; Value = "6"; VariantName = "[No Variations]"
Add component (AddParameter): Name = "Pitch"; Value = "2.54mm"; VariantName = "[No Variations]"
Add component (AddParameter): Name = "Publisher"; Value = "WurthElektronik"; VariantName = "[No Variations]"
Add component (AddParameter): Name = "Rated Current"; Value = "3A"; VariantName = "[No Variations]"
Add component (AddParameter): Name = "Row Number"; Value = "Dual"; VariantName = "[No Variations]"
Add component (AddParameter): Name = "Withstanding Voltage"; Value = "500VAC"; VariantName = "[No Variations]"
Add component (AddParameter): Name = "Working Voltage"; Value = "250VAC"; VariantName = "[No Variations]"
Added Component: Designator=J6(TECO-282836-2_V)
Add component (AddParameter): Name = "3D Model"; Value = "282836-2.pdf"; VariantName = "[No Variations]"
Add component (AddParameter): Name = "Category"; Value = "Connectors,Interconnects"; VariantName = "[No Variations]"
Add component (AddParameter): Name = "Clamp Material - Plating"; Value = "Brass-NickelPlated"; VariantName = "[No Variations]"
Add component (AddParameter): Name = "Color"; Value = "Green"; VariantName = "[No Variations]"
Add component (AddParameter): Name = "Contact Material - Plating"; Value = "Brass-TinPlated"; VariantName = "[No Variations]"
Add component (AddParameter): Name = "Current"; Value = "13.5A"; VariantName = "[No Variations]"
Add component (AddParameter): Name = "Datasheet URL"; Value = "http://www.te.com.cn/commerce/DocumentDelivery/DDEController?Action=showdoc&DocId=Catalog+Section%7F1308389_EUROSTYLE_TERMINAL_BLOCKS%7F0607%7Fpdf%7FEnglish%7FENG_CS_1308389_EUROSTYLE_TERMINAL_BLOCKS_0607.pdf%7F282836-2"; VariantName = "[No Variations]"
Add component (AddParameter): Name = "Dynamic Catalog"; Value = "BuchananSeries"; VariantName = "[No Variations]"
Add component (AddParameter): Name = "Family"; Value = "TerminalBlocks-WiretoBoard"; VariantName = "[No Variations]"
Add component (AddParameter): Name = "Featured Product"; Value = "EurostyleTerminalBlockConnectors"; VariantName = "[No Variations]"
Add component (AddParameter): Name = "Features"; Value = "Interlocking(Side)"; VariantName = "[No Variations]"
Add component (AddParameter): Name = "Housing Material"; Value = "Polyamide(PA66),Nylon6/6"; VariantName = "[No Variations]"
Add component (AddParameter): Name = "Manufacturer"; Value = "TE Connectivity"; VariantName = "[No Variations]"
Add component (AddParameter): Name = "Manufacturer URL"; Value = "http://www.te.com"; VariantName = "[No Variations]"
Add component (AddParameter): Name = "Mating Orientation"; Value = "HorizontalwithBoard"; VariantName = "[No Variations]"
Add component (AddParameter): Name = "Mounting Type"; Value = "ThroughHole"; VariantName = "[No Variations]"
Add component (AddParameter): Name = "Number of Levels"; Value = "1"; VariantName = "[No Variations]"
Add component (AddParameter): Name = "Other Names"; Value = "5ULV-02B
A98076"; VariantName = "[No Variations]"
Add component (AddParameter): Name = "Package Description"; Value = "Female Header, Pitch 5 mm, 1 x 2 Position, Height 10 mm, Tail Length 3.5 mm"; VariantName = "[No Variations]"
Add component (AddParameter): Name = "Package Reference"; Value = "THD"; VariantName = "[No Variations]"
Add component (AddParameter): Name = "Packaging"; Value = "Bulk"; VariantName = "[No Variations]"
Add component (AddParameter): Name = "Pitch"; Value = "0.197"(5.00mm)"; VariantName = "[No Variations]"
Add component (AddParameter): Name = "Positions Per Level"; Value = "2"; VariantName = "[No Variations]"
Add component (AddParameter): Name = "Product Training Modules"; Value = "Wire-to-BoardEurostyleTerminalBlocks"; VariantName = "[No Variations]"
Add component (AddParameter): Name = "RoHS Information"; Value = "282836-2StatementofCompliance"; VariantName = "[No Variations]"
Add component (AddParameter): Name = "Screw Material - Plating"; Value = "Brass-NickelPlated"; VariantName = "[No Variations]"
Add component (AddParameter): Name = "Screw Thread"; Value = "M3"; VariantName = "[No Variations]"
Add component (AddParameter): Name = "Series"; Value = "Buchanan"; VariantName = "[No Variations]"
Add component (AddParameter): Name = "Standard Package"; Value = "300"; VariantName = "[No Variations]"
Add component (AddParameter): Name = "Torque - Screw"; Value = "0.68Nm(6Lb-In)"; VariantName = "[No Variations]"
Add component (AddParameter): Name = "Voltage"; Value = "300V"; VariantName = "[No Variations]"
Add component (AddParameter): Name = "Wire Gauge"; Value = "16-30AWG"; VariantName = "[No Variations]"
Add component (AddParameter): Name = "Wire Termination"; Value = "Screw-RisingCageClamp"; VariantName = "[No Variations]"
Added Component: Designator=J7(61300211121)
Add component (AddParameter): Name = "Contact Resistance"; Value = "20mOhm"; VariantName = "[No Variations]"
Add component (AddParameter): Name = "Datasheet URL"; Value = "https://katalog.we-online.de/em/datasheet/6130xx11121.pdf"; VariantName = "[No Variations]"
Add component (AddParameter): Name = "Gender"; Value = "Male"; VariantName = "[No Variations]"
Add component (AddParameter): Name = "Manufacturer"; Value = "Wurth Elektronik"; VariantName = "[No Variations]"
Add component (AddParameter): Name = "Manufacturer URL"; Value = "http://www.we-online.de"; VariantName = "[No Variations]"
Add component (AddParameter): Name = "Mounting Technology"; Value = "THT"; VariantName = "[No Variations]"
Add component (AddParameter): Name = "Operating Temperature"; Value = "-40to105degC"; VariantName = "[No Variations]"
Add component (AddParameter): Name = "Orientation"; Value = "Vertical"; VariantName = "[No Variations]"
Add component (AddParameter): Name = "Package Reference"; Value = "61300211121"; VariantName = "[No Variations]"
Add component (AddParameter): Name = "Packaging"; Value = "Bag"; VariantName = "[No Variations]"
Add component (AddParameter): Name = "Part Number"; Value = "61300211121"; VariantName = "[No Variations]"
Add component (AddParameter): Name = "Pin Number"; Value = "2"; VariantName = "[No Variations]"
Add component (AddParameter): Name = "Pitch"; Value = "2.54mm"; VariantName = "[No Variations]"
Add component (AddParameter): Name = "Publisher"; Value = "WurthElektronik"; VariantName = "[No Variations]"
Add component (AddParameter): Name = "Rated Current"; Value = "3A"; VariantName = "[No Variations]"
Add component (AddParameter): Name = "Row Number"; Value = "Single"; VariantName = "[No Variations]"
Add component (AddParameter): Name = "Withstanding Voltage"; Value = "500VAC"; VariantName = "[No Variations]"
Add component (AddParameter): Name = "Working Voltage"; Value = "250VAC"; VariantName = "[No Variations]"
Add Component: Footprint Not Found VLS5045EX330M
Add Component: Footprint Not Found SOT96P240X110-3N
Add Component: Footprint Not Found SOT230P700X180-4N
Added Component: Designator=R1(6-0805_M)
Add component (AddParameter): Name = "DTEMP"; Value = ""; VariantName = "[No Variations]"
Add component (AddParameter): Name = "SimulationGenericComponent"; Value = "True"; VariantName = "[No Variations]"
Add component (AddParameter): Name = "T_REL_LOCAL"; Value = ""; VariantName = "[No Variations]"
Add component (AddParameter): Name = "TC"; Value = ""; VariantName = "[No Variations]"
Add component (AddParameter): Name = "TC1"; Value = "0"; VariantName = "[No Variations]"
Add component (AddParameter): Name = "TC2"; Value = "0"; VariantName = "[No Variations]"
Add component (AddParameter): Name = "TEMP"; Value = ""; VariantName = "[No Variations]"
Add component (AddParameter): Name = "Value"; Value = "27k"; VariantName = "[No Variations]"
Added Component: Designator=R2(AXIAL-0.7)
Add component (AddParameter): Name = "LatestRevisionDate"; Value = "17-Jul-2002"; VariantName = "[No Variations]"
Add component (AddParameter): Name = "LatestRevisionNote"; Value = "Re-released for DXP Platform."; VariantName = "[No Variations]"
Add component (AddParameter): Name = "PackageDescription"; Value = "Axial Device, Thru-Hole; 2 Leads; 0.7 in Pin Spacing"; VariantName = "[No Variations]"
Add component (AddParameter): Name = "PackageReference"; Value = "AXIAL-0.7"; VariantName = "[No Variations]"
Add component (AddParameter): Name = "Published"; Value = "8-Jun-2000"; VariantName = "[No Variations]"
Add component (AddParameter): Name = "Publisher"; Value = "Altium Limited"; VariantName = "[No Variations]"
Add component (AddParameter): Name = "Set Position"; Value = "0.5"; VariantName = "[No Variations]"
Add component (AddParameter): Name = "Value"; Value = "10k"; VariantName = "[No Variations]"
Added Component: Designator=R3(6-0805_M)
Add component (AddParameter): Name = "DTEMP"; Value = ""; VariantName = "[No Variations]"
Add component (AddParameter): Name = "SimulationGenericComponent"; Value = "True"; VariantName = "[No Variations]"
Add component (AddParameter): Name = "T_REL_LOCAL"; Value = ""; VariantName = "[No Variations]"
Add component (AddParameter): Name = "TC"; Value = ""; VariantName = "[No Variations]"
Add component (AddParameter): Name = "TC1"; Value = "0"; VariantName = "[No Variations]"
Add component (AddParameter): Name = "TC2"; Value = "0"; VariantName = "[No Variations]"
Add component (AddParameter): Name = "TEMP"; Value = ""; VariantName = "[No Variations]"
Add component (AddParameter): Name = "Value"; Value = "1R"; VariantName = "[No Variations]"
Added Component: Designator=R4(6-0805_M)
Add component (AddParameter): Name = "DTEMP"; Value = ""; VariantName = "[No Variations]"
Add component (AddParameter): Name = "SimulationGenericComponent"; Value = "True"; VariantName = "[No Variations]"
Add component (AddParameter): Name = "T_REL_LOCAL"; Value = ""; VariantName = "[No Variations]"
Add component (AddParameter): Name = "TC"; Value = ""; VariantName = "[No Variations]"
Add component (AddParameter): Name = "TC1"; Value = "0"; VariantName = "[No Variations]"
Add component (AddParameter): Name = "TC2"; Value = "0"; VariantName = "[No Variations]"
Add component (AddParameter): Name = "TEMP"; Value = ""; VariantName = "[No Variations]"
Add component (AddParameter): Name = "Value"; Value = "1R"; VariantName = "[No Variations]"
Added Component: Designator=R5(6-0805_M)
Add component (AddParameter): Name = "DTEMP"; Value = ""; VariantName = "[No Variations]"
Add component (AddParameter): Name = "SimulationGenericComponent"; Value = "True"; VariantName = "[No Variations]"
Add component (AddParameter): Name = "T_REL_LOCAL"; Value = ""; VariantName = "[No Variations]"
Add component (AddParameter): Name = "TC"; Value = ""; VariantName = "[No Variations]"
Add component (AddParameter): Name = "TC1"; Value = "0"; VariantName = "[No Variations]"
Add component (AddParameter): Name = "TC2"; Value = "0"; VariantName = "[No Variations]"
Add component (AddParameter): Name = "TEMP"; Value = ""; VariantName = "[No Variations]"
Add component (AddParameter): Name = "Value"; Value = "1R"; VariantName = "[No Variations]"
Added Component: Designator=R6(6-0805_M)
Add component (AddParameter): Name = "DTEMP"; Value = ""; VariantName = "[No Variations]"
Add component (AddParameter): Name = "SimulationGenericComponent"; Value = "True"; VariantName = "[No Variations]"
Add component (AddParameter): Name = "T_REL_LOCAL"; Value = ""; VariantName = "[No Variations]"
Add component (AddParameter): Name = "TC"; Value = ""; VariantName = "[No Variations]"
Add component (AddParameter): Name = "TC1"; Value = "0"; VariantName = "[No Variations]"
Add component (AddParameter): Name = "TC2"; Value = "0"; VariantName = "[No Variations]"
Add component (AddParameter): Name = "TEMP"; Value = ""; VariantName = "[No Variations]"
Add component (AddParameter): Name = "Value"; Value = "1R"; VariantName = "[No Variations]"
Added Component: Designator=R7(6-0805_M)
Add component (AddParameter): Name = "DTEMP"; Value = ""; VariantName = "[No Variations]"
Add component (AddParameter): Name = "SimulationGenericComponent"; Value = "True"; VariantName = "[No Variations]"
Add component (AddParameter): Name = "T_REL_LOCAL"; Value = ""; VariantName = "[No Variations]"
Add component (AddParameter): Name = "TC"; Value = ""; VariantName = "[No Variations]"
Add component (AddParameter): Name = "TC1"; Value = "0"; VariantName = "[No Variations]"
Add component (AddParameter): Name = "TC2"; Value = "0"; VariantName = "[No Variations]"
Add component (AddParameter): Name = "TEMP"; Value = ""; VariantName = "[No Variations]"
Add component (AddParameter): Name = "Value"; Value = "1R"; VariantName = "[No Variations]"
Added Component: Designator=R8(6-0805_M)
Add component (AddParameter): Name = "DTEMP"; Value = ""; VariantName = "[No Variations]"
Add component (AddParameter): Name = "SimulationGenericComponent"; Value = "True"; VariantName = "[No Variations]"
Add component (AddParameter): Name = "T_REL_LOCAL"; Value = ""; VariantName = "[No Variations]"
Add component (AddParameter): Name = "TC"; Value = ""; VariantName = "[No Variations]"
Add component (AddParameter): Name = "TC1"; Value = "0"; VariantName = "[No Variations]"
Add component (AddParameter): Name = "TC2"; Value = "0"; VariantName = "[No Variations]"
Add component (AddParameter): Name = "TEMP"; Value = ""; VariantName = "[No Variations]"
Add component (AddParameter): Name = "Value"; Value = "1R"; VariantName = "[No Variations]"
Added Component: Designator=R9(6-0805_M)
Add component (AddParameter): Name = "DTEMP"; Value = ""; VariantName = "[No Variations]"
Add component (AddParameter): Name = "SimulationGenericComponent"; Value = "True"; VariantName = "[No Variations]"
Add component (AddParameter): Name = "T_REL_LOCAL"; Value = ""; VariantName = "[No Variations]"
Add component (AddParameter): Name = "TC"; Value = ""; VariantName = "[No Variations]"
Add component (AddParameter): Name = "TC1"; Value = "0"; VariantName = "[No Variations]"
Add component (AddParameter): Name = "TC2"; Value = "0"; VariantName = "[No Variations]"
Add component (AddParameter): Name = "TEMP"; Value = ""; VariantName = "[No Variations]"
Add component (AddParameter): Name = "Value"; Value = "1R"; VariantName = "[No Variations]"
Added Component: Designator=R10(6-0805_M)
Add component (AddParameter): Name = "DTEMP"; Value = ""; VariantName = "[No Variations]"
Add component (AddParameter): Name = "SimulationGenericComponent"; Value = "True"; VariantName = "[No Variations]"
Add component (AddParameter): Name = "T_REL_LOCAL"; Value = ""; VariantName = "[No Variations]"
Add component (AddParameter): Name = "TC"; Value = ""; VariantName = "[No Variations]"
Add component (AddParameter): Name = "TC1"; Value = "0"; VariantName = "[No Variations]"
Add component (AddParameter): Name = "TC2"; Value = "0"; VariantName = "[No Variations]"
Add component (AddParameter): Name = "TEMP"; Value = ""; VariantName = "[No Variations]"
Add component (AddParameter): Name = "Value"; Value = "1R"; VariantName = "[No Variations]"
Added Component: Designator=R11(6-0805_M)
Add component (AddParameter): Name = "DTEMP"; Value = ""; VariantName = "[No Variations]"
Add component (AddParameter): Name = "SimulationGenericComponent"; Value = "True"; VariantName = "[No Variations]"
Add component (AddParameter): Name = "T_REL_LOCAL"; Value = ""; VariantName = "[No Variations]"
Add component (AddParameter): Name = "TC"; Value = ""; VariantName = "[No Variations]"
Add component (AddParameter): Name = "TC1"; Value = "0"; VariantName = "[No Variations]"
Add component (AddParameter): Name = "TC2"; Value = "0"; VariantName = "[No Variations]"
Add component (AddParameter): Name = "TEMP"; Value = ""; VariantName = "[No Variations]"
Add component (AddParameter): Name = "Value"; Value = "1R"; VariantName = "[No Variations]"
Added Component: Designator=R12(6-0805_M)
Add component (AddParameter): Name = "DTEMP"; Value = ""; VariantName = "[No Variations]"
Add component (AddParameter): Name = "SimulationGenericComponent"; Value = "True"; VariantName = "[No Variations]"
Add component (AddParameter): Name = "T_REL_LOCAL"; Value = ""; VariantName = "[No Variations]"
Add component (AddParameter): Name = "TC"; Value = ""; VariantName = "[No Variations]"
Add component (AddParameter): Name = "TC1"; Value = "0"; VariantName = "[No Variations]"
Add component (AddParameter): Name = "TC2"; Value = "0"; VariantName = "[No Variations]"
Add component (AddParameter): Name = "TEMP"; Value = ""; VariantName = "[No Variations]"
Add component (AddParameter): Name = "Value"; Value = "1R"; VariantName = "[No Variations]"
Added Component: Designator=R13(6-0805_M)
Add component (AddParameter): Name = "DTEMP"; Value = ""; VariantName = "[No Variations]"
Add component (AddParameter): Name = "SimulationGenericComponent"; Value = "True"; VariantName = "[No Variations]"
Add component (AddParameter): Name = "T_REL_LOCAL"; Value = ""; VariantName = "[No Variations]"
Add component (AddParameter): Name = "TC"; Value = ""; VariantName = "[No Variations]"
Add component (AddParameter): Name = "TC1"; Value = "0"; VariantName = "[No Variations]"
Add component (AddParameter): Name = "TC2"; Value = "0"; VariantName = "[No Variations]"
Add component (AddParameter): Name = "TEMP"; Value = ""; VariantName = "[No Variations]"
Add component (AddParameter): Name = "Value"; Value = "1R"; VariantName = "[No Variations]"
Added Component: Designator=R14(6-0805_M)
Add component (AddParameter): Name = "DTEMP"; Value = ""; VariantName = "[No Variations]"
Add component (AddParameter): Name = "SimulationGenericComponent"; Value = "True"; VariantName = "[No Variations]"
Add component (AddParameter): Name = "T_REL_LOCAL"; Value = ""; VariantName = "[No Variations]"
Add component (AddParameter): Name = "TC"; Value = ""; VariantName = "[No Variations]"
Add component (AddParameter): Name = "TC1"; Value = "0"; VariantName = "[No Variations]"
Add component (AddParameter): Name = "TC2"; Value = "0"; VariantName = "[No Variations]"
Add component (AddParameter): Name = "TEMP"; Value = ""; VariantName = "[No Variations]"
Add component (AddParameter): Name = "Value"; Value = "80K"; VariantName = "[No Variations]"
Added Component: Designator=R15(6-0805_M)
Add component (AddParameter): Name = "DTEMP"; Value = ""; VariantName = "[No Variations]"
Add component (AddParameter): Name = "SimulationGenericComponent"; Value = "True"; VariantName = "[No Variations]"
Add component (AddParameter): Name = "T_REL_LOCAL"; Value = ""; VariantName = "[No Variations]"
Add component (AddParameter): Name = "TC"; Value = ""; VariantName = "[No Variations]"
Add component (AddParameter): Name = "TC1"; Value = "0"; VariantName = "[No Variations]"
Add component (AddParameter): Name = "TC2"; Value = "0"; VariantName = "[No Variations]"
Add component (AddParameter): Name = "TEMP"; Value = ""; VariantName = "[No Variations]"
Add component (AddParameter): Name = "Value"; Value = "15.4k"; VariantName = "[No Variations]"
Added Component: Designator=R16(6-0805_M)
Add component (AddParameter): Name = "DTEMP"; Value = ""; VariantName = "[No Variations]"
Add component (AddParameter): Name = "SimulationGenericComponent"; Value = "True"; VariantName = "[No Variations]"
Add component (AddParameter): Name = "T_REL_LOCAL"; Value = ""; VariantName = "[No Variations]"
Add component (AddParameter): Name = "TC"; Value = ""; VariantName = "[No Variations]"
Add component (AddParameter): Name = "TC1"; Value = "0"; VariantName = "[No Variations]"
Add component (AddParameter): Name = "TC2"; Value = "0"; VariantName = "[No Variations]"
Add component (AddParameter): Name = "TEMP"; Value = ""; VariantName = "[No Variations]"
Add component (AddParameter): Name = "Value"; Value = "63.4k"; VariantName = "[No Variations]"
Added Component: Designator=R17(6-0805_M)
Add component (AddParameter): Name = "DTEMP"; Value = ""; VariantName = "[No Variations]"
Add component (AddParameter): Name = "SimulationGenericComponent"; Value = "True"; VariantName = "[No Variations]"
Add component (AddParameter): Name = "T_REL_LOCAL"; Value = ""; VariantName = "[No Variations]"
Add component (AddParameter): Name = "TC"; Value = ""; VariantName = "[No Variations]"
Add component (AddParameter): Name = "TC1"; Value = "0"; VariantName = "[No Variations]"
Add component (AddParameter): Name = "TC2"; Value = "0"; VariantName = "[No Variations]"
Add component (AddParameter): Name = "TEMP"; Value = ""; VariantName = "[No Variations]"
Add component (AddParameter): Name = "Value"; Value = "63.4k"; VariantName = "[No Variations]"
Added Component: Designator=R18(6-0805_M)
Add component (AddParameter): Name = "DTEMP"; Value = ""; VariantName = "[No Variations]"
Add component (AddParameter): Name = "SimulationGenericComponent"; Value = "True"; VariantName = "[No Variations]"
Add component (AddParameter): Name = "T_REL_LOCAL"; Value = ""; VariantName = "[No Variations]"
Add component (AddParameter): Name = "TC"; Value = ""; VariantName = "[No Variations]"
Add component (AddParameter): Name = "TC1"; Value = "0"; VariantName = "[No Variations]"
Add component (AddParameter): Name = "TC2"; Value = "0"; VariantName = "[No Variations]"
Add component (AddParameter): Name = "TEMP"; Value = ""; VariantName = "[No Variations]"
Add component (AddParameter): Name = "Value"; Value = "20K"; VariantName = "[No Variations]"
Added Component: Designator=R19(6-0805_M)
Add component (AddParameter): Name = "DTEMP"; Value = ""; VariantName = "[No Variations]"
Add component (AddParameter): Name = "SimulationGenericComponent"; Value = "True"; VariantName = "[No Variations]"
Add component (AddParameter): Name = "T_REL_LOCAL"; Value = ""; VariantName = "[No Variations]"
Add component (AddParameter): Name = "TC"; Value = ""; VariantName = "[No Variations]"
Add component (AddParameter): Name = "TC1"; Value = "0"; VariantName = "[No Variations]"
Add component (AddParameter): Name = "TC2"; Value = "0"; VariantName = "[No Variations]"
Add component (AddParameter): Name = "TEMP"; Value = ""; VariantName = "[No Variations]"
Add component (AddParameter): Name = "Value"; Value = "68R"; VariantName = "[No Variations]"
Added Component: Designator=R20(6-0805_M)
Add component (AddParameter): Name = "DTEMP"; Value = ""; VariantName = "[No Variations]"
Add component (AddParameter): Name = "SimulationGenericComponent"; Value = "True"; VariantName = "[No Variations]"
Add component (AddParameter): Name = "T_REL_LOCAL"; Value = ""; VariantName = "[No Variations]"
Add component (AddParameter): Name = "TC"; Value = ""; VariantName = "[No Variations]"
Add component (AddParameter): Name = "TC1"; Value = "0"; VariantName = "[No Variations]"
Add component (AddParameter): Name = "TC2"; Value = "0"; VariantName = "[No Variations]"
Add component (AddParameter): Name = "TEMP"; Value = ""; VariantName = "[No Variations]"
Add component (AddParameter): Name = "Value"; Value = "1K"; VariantName = "[No Variations]"
Added Component: Designator=R21(6-0805_M)
Add component (AddParameter): Name = "DTEMP"; Value = ""; VariantName = "[No Variations]"
Add component (AddParameter): Name = "SimulationGenericComponent"; Value = "True"; VariantName = "[No Variations]"
Add component (AddParameter): Name = "T_REL_LOCAL"; Value = ""; VariantName = "[No Variations]"
Add component (AddParameter): Name = "TC"; Value = ""; VariantName = "[No Variations]"
Add component (AddParameter): Name = "TC1"; Value = "0"; VariantName = "[No Variations]"
Add component (AddParameter): Name = "TC2"; Value = "0"; VariantName = "[No Variations]"
Add component (AddParameter): Name = "TEMP"; Value = ""; VariantName = "[No Variations]"
Add component (AddParameter): Name = "Value"; Value = "value"; VariantName = "[No Variations]"
Added Component: Designator=R22(6-0805_M)
Add component (AddParameter): Name = "DTEMP"; Value = ""; VariantName = "[No Variations]"
Add component (AddParameter): Name = "SimulationGenericComponent"; Value = "True"; VariantName = "[No Variations]"
Add component (AddParameter): Name = "T_REL_LOCAL"; Value = ""; VariantName = "[No Variations]"
Add component (AddParameter): Name = "TC"; Value = ""; VariantName = "[No Variations]"
Add component (AddParameter): Name = "TC1"; Value = "0"; VariantName = "[No Variations]"
Add component (AddParameter): Name = "TC2"; Value = "0"; VariantName = "[No Variations]"
Add component (AddParameter): Name = "TEMP"; Value = ""; VariantName = "[No Variations]"
Add component (AddParameter): Name = "Value"; Value = "value"; VariantName = "[No Variations]"
Added Component: Designator=R23(6-0805_M)
Add component (AddParameter): Name = "DTEMP"; Value = ""; VariantName = "[No Variations]"
Add component (AddParameter): Name = "SimulationGenericComponent"; Value = "True"; VariantName = "[No Variations]"
Add component (AddParameter): Name = "T_REL_LOCAL"; Value = ""; VariantName = "[No Variations]"
Add component (AddParameter): Name = "TC"; Value = ""; VariantName = "[No Variations]"
Add component (AddParameter): Name = "TC1"; Value = "0"; VariantName = "[No Variations]"
Add component (AddParameter): Name = "TC2"; Value = "0"; VariantName = "[No Variations]"
Add component (AddParameter): Name = "TEMP"; Value = ""; VariantName = "[No Variations]"
Add component (AddParameter): Name = "Value"; Value = "1K"; VariantName = "[No Variations]"
Added Component: Designator=R24(6-0805_M)
Add component (AddParameter): Name = "DTEMP"; Value = ""; VariantName = "[No Variations]"
Add component (AddParameter): Name = "SimulationGenericComponent"; Value = "True"; VariantName = "[No Variations]"
Add component (AddParameter): Name = "T_REL_LOCAL"; Value = ""; VariantName = "[No Variations]"
Add component (AddParameter): Name = "TC"; Value = ""; VariantName = "[No Variations]"
Add component (AddParameter): Name = "TC1"; Value = "0"; VariantName = "[No Variations]"
Add component (AddParameter): Name = "TC2"; Value = "0"; VariantName = "[No Variations]"
Add component (AddParameter): Name = "TEMP"; Value = ""; VariantName = "[No Variations]"
Add component (AddParameter): Name = "Value"; Value = "80K"; VariantName = "[No Variations]"
Added Component: Designator=R25(6-0805_M)
Add component (AddParameter): Name = "DTEMP"; Value = ""; VariantName = "[No Variations]"
Add component (AddParameter): Name = "SimulationGenericComponent"; Value = "True"; VariantName = "[No Variations]"
Add component (AddParameter): Name = "T_REL_LOCAL"; Value = ""; VariantName = "[No Variations]"
Add component (AddParameter): Name = "TC"; Value = ""; VariantName = "[No Variations]"
Add component (AddParameter): Name = "TC1"; Value = "0"; VariantName = "[No Variations]"
Add component (AddParameter): Name = "TC2"; Value = "0"; VariantName = "[No Variations]"
Add component (AddParameter): Name = "TEMP"; Value = ""; VariantName = "[No Variations]"
Add component (AddParameter): Name = "Value"; Value = "20K"; VariantName = "[No Variations]"
Added Component: Designator=R26(6-0805_M)
Add component (AddParameter): Name = "DTEMP"; Value = ""; VariantName = "[No Variations]"
Add component (AddParameter): Name = "SimulationGenericComponent"; Value = "True"; VariantName = "[No Variations]"
Add component (AddParameter): Name = "T_REL_LOCAL"; Value = ""; VariantName = "[No Variations]"
Add component (AddParameter): Name = "TC"; Value = ""; VariantName = "[No Variations]"
Add component (AddParameter): Name = "TC1"; Value = "0"; VariantName = "[No Variations]"
Add component (AddParameter): Name = "TC2"; Value = "0"; VariantName = "[No Variations]"
Add component (AddParameter): Name = "TEMP"; Value = ""; VariantName = "[No Variations]"
Add component (AddParameter): Name = "Value"; Value = "330k"; VariantName = "[No Variations]"
Added Component: Designator=R27(6-0805_M)
Add component (AddParameter): Name = "DTEMP"; Value = ""; VariantName = "[No Variations]"
Add component (AddParameter): Name = "SimulationGenericComponent"; Value = "True"; VariantName = "[No Variations]"
Add component (AddParameter): Name = "T_REL_LOCAL"; Value = ""; VariantName = "[No Variations]"
Add component (AddParameter): Name = "TC"; Value = ""; VariantName = "[No Variations]"
Add component (AddParameter): Name = "TC1"; Value = "0"; VariantName = "[No Variations]"
Add component (AddParameter): Name = "TC2"; Value = "0"; VariantName = "[No Variations]"
Add component (AddParameter): Name = "TEMP"; Value = ""; VariantName = "[No Variations]"
Add component (AddParameter): Name = "Value"; Value = "10k"; VariantName = "[No Variations]"
Added Component: Designator=U1(QFP80P900X900X120-32N)
Added Component: Designator=U5(GBU1010_T0_00601)
Add component (AddParameter): Name = "Arrow Part Number"; Value = ""; VariantName = "[No Variations]"
Add component (AddParameter): Name = "Arrow Price/Stock"; Value = ""; VariantName = "[No Variations]"
Add component (AddParameter): Name = "Datasheet Link"; Value = "https://www.panjit.com.tw/upload/datasheet/GBU1010.pdf"; VariantName = "[No Variations]"
Add component (AddParameter): Name = "Height"; Value = "21.55mm"; VariantName = "[No Variations]"
Add component (AddParameter): Name = "Manufacturer_Name"; Value = "PANJIT"; VariantName = "[No Variations]"
Add component (AddParameter): Name = "Manufacturer_Part_Number"; Value = "GBU1010_T0_00601"; VariantName = "[No Variations]"
Add component (AddParameter): Name = "Mouser Part Number"; Value = "241-GBU1010_T0_00601"; VariantName = "[No Variations]"
Add component (AddParameter): Name = "Mouser Price/Stock"; Value = "https://www.mouser.co.uk/ProductDetail/Panjit/GBU1010_T0_00601?qs=Znm5pLBrcAI2lNvio7iUfQ%3D%3D"; VariantName = "[No Variations]"
Added Component: Designator=U6(SOP50P490X110-11N)
Add component (AddParameter): Name = "Arrow Part Number"; Value = "LT3680EMSE#PBF"; VariantName = "[No Variations]"
Add component (AddParameter): Name = "Arrow Price/Stock"; Value = "https://www.arrow.com/en/products/lt3680emsepbf/analog-devices?region=nac"; VariantName = "[No Variations]"
Add component (AddParameter): Name = "Datasheet Link"; Value = "http://cds.linear.com/docs/en/datasheet/3680fb.pdf"; VariantName = "[No Variations]"
Add component (AddParameter): Name = "Height"; Value = "1.1mm"; VariantName = "[No Variations]"
Add component (AddParameter): Name = "Manufacturer_Name"; Value = "Analog Devices"; VariantName = "[No Variations]"
Add component (AddParameter): Name = "Manufacturer_Part_Number"; Value = "LT3680EMSE#PBF"; VariantName = "[No Variations]"
Add component (AddParameter): Name = "Mouser Part Number"; Value = "584-LT3680EMSE#PBF"; VariantName = "[No Variations]"
Add component (AddParameter): Name = "Mouser Price/Stock"; Value = "https://www.mouser.co.uk/ProductDetail/Analog-Devices/LT3680EMSEPBF?qs=hVkxg5c3xu84NF9L1FMYWA%3D%3D"; VariantName = "[No Variations]"
Added Component: Designator=U7(LP0003A)
Add component (AddParameter): Name = "Arrow Part Number"; Value = "LM334Z/LFT1"; VariantName = "[No Variations]"
Add component (AddParameter): Name = "Arrow Price/Stock"; Value = "https://www.arrow.com/en/products/lm334zlft1/texas-instruments?region=nac"; VariantName = "[No Variations]"
Add component (AddParameter): Name = "Datasheet Link"; Value = "http://www.ti.com/lit/ds/symlink/lm134.pdf"; VariantName = "[No Variations]"
Add component (AddParameter): Name = "Manufacturer_Name"; Value = "Texas Instruments"; VariantName = "[No Variations]"
Add component (AddParameter): Name = "Manufacturer_Part_Number"; Value = "LM334Z/LFT1"; VariantName = "[No Variations]"
Add component (AddParameter): Name = "Mouser Part Number"; Value = "926-LM334Z/LFT1"; VariantName = "[No Variations]"
Add component (AddParameter): Name = "Mouser Price/Stock"; Value = "https://www.mouser.co.uk/ProductDetail/Texas-Instruments/LM334Z-LFT1?qs=X1J7HmVL2ZHhZPl3u1Nn6g%3D%3D"; VariantName = "[No Variations]"
Added Component: Designator=U8(SOT95P280X145-5N)
Added Component: Designator=U9(SOT95P280X145-5N)
Add component (AddParameter): Name = "Arrow Part Number"; Value = "TS321ILT"; VariantName = "[No Variations]"
Add component (AddParameter): Name = "Arrow Price/Stock"; Value = "https://www.arrow.com/en/products/ts321ilt/stmicroelectronics?region=europe"; VariantName = "[No Variations]"
Add component (AddParameter): Name = "Datasheet Link"; Value = "http://www.st.com/st-web-ui/static/active/en/resource/technical/document/datasheet/CD00001647.pdf"; VariantName = "[No Variations]"
Add component (AddParameter): Name = "Height"; Value = "1.45mm"; VariantName = "[No Variations]"
Add component (AddParameter): Name = "Manufacturer_Name"; Value = "STMicroelectronics"; VariantName = "[No Variations]"
Add component (AddParameter): Name = "Manufacturer_Part_Number"; Value = "TS321ILT"; VariantName = "[No Variations]"
Add component (AddParameter): Name = "Mouser Part Number"; Value = "511-TS321IL"; VariantName = "[No Variations]"
Add component (AddParameter): Name = "Mouser Price/Stock"; Value = "https://www.mouser.co.uk/ProductDetail/STMicroelectronics/TS321ILT?qs=AYLkW%2FmgjI3DImBJVY6kBw%3D%3D"; VariantName = "[No Variations]"
Added Component: Designator=U10(TO255P460X1020X2008-3P)
Add component (AddParameter): Name = "Arrow Part Number"; Value = "L7805CV"; VariantName = "[No Variations]"
Add component (AddParameter): Name = "Arrow Price/Stock"; Value = "https://www.arrow.com/en/products/l7805cv/stmicroelectronics?region=europe"; VariantName = "[No Variations]"
Add component (AddParameter): Name = "Datasheet Link"; Value = "http://www.st.com/web/en/resource/technical/document/datasheet/CD00000444.pdf"; VariantName = "[No Variations]"
Add component (AddParameter): Name = "Height"; Value = "4.6mm"; VariantName = "[No Variations]"
Add component (AddParameter): Name = "Manufacturer_Name"; Value = "STMicroelectronics"; VariantName = "[No Variations]"
Add component (AddParameter): Name = "Manufacturer_Part_Number"; Value = "L7805CV"; VariantName = "[No Variations]"
Add component (AddParameter): Name = "Mouser Part Number"; Value = "511-L7805CV"; VariantName = "[No Variations]"
Add component (AddParameter): Name = "Mouser Price/Stock"; Value = "https://www.mouser.co.uk/ProductDetail/STMicroelectronics/L7805CV?qs=9NrABl3fj%2FqplZAHiYUxWg%3D%3D"; VariantName = "[No Variations]"
Added Component: Designator=U11(SOT95P280X145-5N)
Add component (AddParameter): Name = "Arrow Part Number"; Value = "TS321ILT"; VariantName = "[No Variations]"
Add component (AddParameter): Name = "Arrow Price/Stock"; Value = "https://www.arrow.com/en/products/ts321ilt/stmicroelectronics?region=europe"; VariantName = "[No Variations]"
Add component (AddParameter): Name = "Datasheet Link"; Value = "http://www.st.com/st-web-ui/static/active/en/resource/technical/document/datasheet/CD00001647.pdf"; VariantName = "[No Variations]"
Add component (AddParameter): Name = "Height"; Value = "1.45mm"; VariantName = "[No Variations]"
Add component (AddParameter): Name = "Manufacturer_Name"; Value = "STMicroelectronics"; VariantName = "[No Variations]"
Add component (AddParameter): Name = "Manufacturer_Part_Number"; Value = "TS321ILT"; VariantName = "[No Variations]"
Add component (AddParameter): Name = "Mouser Part Number"; Value = "511-TS321IL"; VariantName = "[No Variations]"
Add component (AddParameter): Name = "Mouser Price/Stock"; Value = "https://www.mouser.co.uk/ProductDetail/STMicroelectronics/TS321ILT?qs=AYLkW%2FmgjI3DImBJVY6kBw%3D%3D"; VariantName = "[No Variations]"
Add Component: Footprint Not Found TO170P457X1022X2306-5P
Added Component: Designator=U?(SOT95P280X145-5N)
Add component (AddParameter): Name = "Arrow Part Number"; Value = "REF3440SQDBVRQ1"; VariantName = "[No Variations]"
Add component (AddParameter): Name = "Arrow Price/Stock"; Value = "https://www.arrow.com/en/products/ref3440sqdbvrq1/texas-instruments?region=nac"; VariantName = "[No Variations]"
Add component (AddParameter): Name = "Datasheet Link"; Value = "https://www.ti.com/lit/gpn/REF34-Q1"; VariantName = "[No Variations]"
Add component (AddParameter): Name = "Height"; Value = "1.45mm"; VariantName = "[No Variations]"
Add component (AddParameter): Name = "Manufacturer_Name"; Value = "Texas Instruments"; VariantName = "[No Variations]"
Add component (AddParameter): Name = "Manufacturer_Part_Number"; Value = "REF3440SQDBVRQ1"; VariantName = "[No Variations]"
Add component (AddParameter): Name = "Mouser Part Number"; Value = "595-REF3440SQDBVRQ1"; VariantName = "[No Variations]"
Add component (AddParameter): Name = "Mouser Price/Stock"; Value = "https://www.mouser.co.uk/ProductDetail/Texas-Instruments/REF3440SQDBVRQ1?qs=bAKSY%2FctAC6om7nW8LpN%2Fg%3D%3D"; VariantName = "[No Variations]"
Added Component: Designator=U?(SOIC127P600X175-14N)
Add component (AddParameter): Name = "Arrow Part Number"; Value = "MCP4922T-E/SL"; VariantName = "[No Variations]"
Add component (AddParameter): Name = "Arrow Price/Stock"; Value = "https://www.arrow.com/en/products/mcp4922t-esl/microchip-technology?region=nac"; VariantName = "[No Variations]"
Add component (AddParameter): Name = "Datasheet Link"; Value = "http://ww1.microchip.com/downloads/en/DeviceDoc/22250A.pdf"; VariantName = "[No Variations]"
Add component (AddParameter): Name = "Height"; Value = "1.75mm"; VariantName = "[No Variations]"
Add component (AddParameter): Name = "Manufacturer_Name"; Value = "Microchip"; VariantName = "[No Variations]"
Add component (AddParameter): Name = "Manufacturer_Part_Number"; Value = "MCP4922T-E/SL"; VariantName = "[No Variations]"
Add component (AddParameter): Name = "Mouser Part Number"; Value = "579-MCP4922T-E/SL"; VariantName = "[No Variations]"
Add component (AddParameter): Name = "Mouser Price/Stock"; Value = "https://www.mouser.co.uk/ProductDetail/Microchip-Technology-Atmel/MCP4922T-E-SL?qs=8U9qMIGhlkqc26Xt7UKk2w%3D%3D"; VariantName = "[No Variations]"
Added Component: Designator=U?(SOIC127P600X175-8N)
Add component (AddParameter): Name = "Arrow Part Number"; Value = "MCP3202-BI/SN"; VariantName = "[No Variations]"
Add component (AddParameter): Name = "Arrow Price/Stock"; Value = "https://www.arrow.com/en/products/mcp3202-bisn/microchip-technology?region=nac"; VariantName = "[No Variations]"
Add component (AddParameter): Name = "Datasheet Link"; Value = "https://datasheet.datasheetarchive.com/originals/distributors/Datasheets-19/DSA-360813.pdf"; VariantName = "[No Variations]"
Add component (AddParameter): Name = "Height"; Value = "1.75mm"; VariantName = "[No Variations]"
Add component (AddParameter): Name = "Manufacturer_Name"; Value = "Microchip"; VariantName = "[No Variations]"
Add component (AddParameter): Name = "Manufacturer_Part_Number"; Value = "MCP3202-BI/SN"; VariantName = "[No Variations]"
Add component (AddParameter): Name = "Mouser Part Number"; Value = "579-MCP3202BISN"; VariantName = "[No Variations]"
Add component (AddParameter): Name = "Mouser Price/Stock"; Value = "https://www.mouser.co.uk/ProductDetail/Microchip-Technology-Atmel/MCP3202-BI-SN?qs=C%252BuF95oynlkGMhp5%2FSqbew%3D%3D"; VariantName = "[No Variations]"
Added Pin To Net: NetName=GND Pin=C1-1
Added Pin To Net: NetName=+5V Pin=C1-2
Added Pin To Net: NetName=GND Pin=C2-1
Added Pin To Net: NetName=+5V Pin=C2-2
Add Pin To Net: Unknown Pin: Pin C4-1
Add Pin To Net: Unknown Pin: Pin C4-2
Add Pin To Net: Unknown Pin: Pin C5-2
Add Pin To Net: Unknown Pin: Pin C6-1
Add Pin To Net: Unknown Pin: Pin C6-2
Added Pin To Net: NetName=GND Pin=C7-1
Added Pin To Net: NetName=SHUNT_NEG Pin=C7-2
Added Pin To Net: NetName=GND Pin=C8-1
Added Pin To Net: NetName=GND Pin=C9-1
Added Pin To Net: NetName=GND Pin=C10-1
Add Pin To Net: Unknown Pin: Pin C11-2
Add Pin To Net: Unknown Pin: Pin D1-2
Added Pin To Net: NetName=+5V Pin=J2-1
Added Pin To Net: NetName=GND Pin=J2-4
Added Pin To Net: NetName=+5V Pin=J3-1
Added Pin To Net: NetName=NetJ3_2 Pin=J3-2
Added Pin To Net: NetName=GND Pin=J3-4
Added Pin To Net: NetName=GND Pin=J4-1
Added Pin To Net: NetName=+5V Pin=J4-2
Added Pin To Net: NetName=MISO Pin=J5-1
Added Pin To Net: NetName=+5V Pin=J5-2
Added Pin To Net: NetName=SCK Pin=J5-3
Added Pin To Net: NetName=MOSI Pin=J5-4
Added Pin To Net: NetName=RESET Pin=J5-5
Added Pin To Net: NetName=GND Pin=J5-6
Added Pin To Net: NetName=GND Pin=J7-2
Add Pin To Net: Unknown Pin: Pin Q1-1
Add Pin To Net: Unknown Pin: Pin Q1-2
Add Pin To Net: Unknown Pin: Pin Q1-3
Added Pin To Net: NetName=GND Pin=R2-1
Added Pin To Net: NetName=INPUT Pin=R3-1
Added Pin To Net: NetName=SHUNT_NEG Pin=R3-2
Added Pin To Net: NetName=INPUT Pin=R4-1
Added Pin To Net: NetName=SHUNT_NEG Pin=R4-2
Added Pin To Net: NetName=INPUT Pin=R5-1
Added Pin To Net: NetName=SHUNT_NEG Pin=R5-2
Added Pin To Net: NetName=INPUT Pin=R6-1
Added Pin To Net: NetName=SHUNT_NEG Pin=R6-2
Added Pin To Net: NetName=INPUT Pin=R7-1
Added Pin To Net: NetName=SHUNT_NEG Pin=R7-2
Added Pin To Net: NetName=INPUT Pin=R8-1
Added Pin To Net: NetName=SHUNT_NEG Pin=R8-2
Added Pin To Net: NetName=INPUT Pin=R9-1
Added Pin To Net: NetName=SHUNT_NEG Pin=R9-2
Added Pin To Net: NetName=INPUT Pin=R10-1
Added Pin To Net: NetName=SHUNT_NEG Pin=R10-2
Added Pin To Net: NetName=INPUT Pin=R11-1
Added Pin To Net: NetName=SHUNT_NEG Pin=R11-2
Added Pin To Net: NetName=SHUNT_NEG Pin=R12-2
Added Pin To Net: NetName=INPUT Pin=R13-1
Added Pin To Net: NetName=SHUNT_NEG Pin=R13-2
Added Pin To Net: NetName=ADC_VOLTAGE Pin=R14-1
Added Pin To Net: NetName=GND Pin=R16-1
Added Pin To Net: NetName=GND Pin=R17-1
Added Pin To Net: NetName=GND Pin=R18-1
Added Pin To Net: NetName=ADC_VOLTAGE Pin=R18-2
Added Pin To Net: NetName=GND Pin=R19-1
Added Pin To Net: NetName=NetQ1_3 Pin=R20-1
Added Pin To Net: NetName=NetQ1_1 Pin=R21-2
Added Pin To Net: NetName=NetQ1_3 Pin=R23-2
Added Pin To Net: NetName=GND Pin=R25-1
Added Pin To Net: NetName=+5V Pin=U1-4
Added Pin To Net: NetName=GND Pin=U1-5
Added Pin To Net: NetName=CS_ADC Pin=U1-17
Added Pin To Net: NetName=+5V Pin=U1-18
Added Pin To Net: NetName=CS_DAC Pin=U1-19
Added Pin To Net: NetName=GND Pin=U1-21
Added Pin To Net: NetName=NetJ3_2 Pin=U1-23
Added Pin To Net: NetName=MOSI Pin=U1-27
Added Pin To Net: NetName=MISO Pin=U1-28
Added Pin To Net: NetName=RESET Pin=U1-29
Added Pin To Net: NetName=SCK Pin=U1-30
Added Pin To Net: NetName=INPUT Pin=U5-1
Added Pin To Net: NetName=GND Pin=U5-4
Added Pin To Net: NetName=SHUNT_NEG Pin=U6-1
Added Pin To Net: NetName=SHUNT_NEG Pin=U6-4
Added Pin To Net: NetName=GND Pin=U6-6
Added Pin To Net: NetName=GND Pin=U6-11
Added Pin To Net: NetName=GND Pin=U7-3
Added Pin To Net: NetName=ADC_CURRENT Pin=U8-1
Added Pin To Net: NetName=GND Pin=U8-2
Added Pin To Net: NetName=INPUT Pin=U8-3
Added Pin To Net: NetName=SHUNT_NEG Pin=U8-4
Added Pin To Net: NetName=+5V Pin=U8-5
Added Pin To Net: NetName=GND Pin=U9-2
Added Pin To Net: NetName=ADC_CURRENT Pin=U9-3
Added Pin To Net: NetName=DAC_CURRENT Pin=U9-4
Added Pin To Net: NetName=+5V Pin=U9-5
Added Pin To Net: NetName=INPUT Pin=U10-1
Added Pin To Net: NetName=GND Pin=U10-2
Added Pin To Net: NetName=+5V Pin=U10-3
Added Pin To Net: NetName=GND Pin=U11-2
Added Pin To Net: NetName=DAC_VOLTAGE Pin=U11-3
Added Pin To Net: NetName=INPUT Pin=U11-5
Added Pin To Net: NetName=+5V Pin=U?-1
Added Pin To Net: NetName=CS_ADC Pin=U?-1
Added Pin To Net: NetName=ADC_CURRENT Pin=U?-2
Added Pin To Net: NetName=GND Pin=U?-2
Added Pin To Net: NetName=+5V Pin=U?-3
Added Pin To Net: NetName=ADC_VOLTAGE Pin=U?-3
Added Pin To Net: NetName=CS_DAC Pin=U?-3
Added Pin To Net: NetName=+4.096V Pin=U?-4
Added Pin To Net: NetName=GND Pin=U?-4
Added Pin To Net: NetName=SCK Pin=U?-4
Added Pin To Net: NetName=MOSI Pin=U?-5
Added Pin To Net: NetName=MOSI Pin=U?-5
Added Pin To Net: NetName=MISO Pin=U?-6
Added Pin To Net: NetName=SCK Pin=U?-7
Added Pin To Net: NetName=+4.096V Pin=U?-8
Added Pin To Net: NetName=DAC_VOLTAGE Pin=U?-10
Added Pin To Net: NetName=+4.096V Pin=U?-11
Added Pin To Net: NetName=GND Pin=U?-12
Added Pin To Net: NetName=+4.096V Pin=U?-13
Added Pin To Net: NetName=DAC_CURRENT Pin=U?-14
Added Pin To Net: NetName=EN Pin=J4-6
Added Pin To Net: NetName=EN Pin=U1-11
Added Net: Name=EN
Added Pin To Net: NetName=NetC3_1 Pin=C3-1
Added Pin To Net: NetName=NetC3_1 Pin=U6-3
Added Net: Name=NetC3_1
Added Pin To Net: NetName=NetC3_2 Pin=C3-2
Added Pin To Net: NetName=NetC3_2 Pin=U6-2
Added Net: Name=NetC3_2
Added Pin To Net: NetName=NetC5_1 Pin=R26-2
Added Net: Name=NetC5_1
Added Pin To Net: NetName=NetC8_2 Pin=C8-2
Added Pin To Net: NetName=NetC8_2 Pin=R12-1
Added Pin To Net: NetName=NetC8_2 Pin=U6-5
Added Net: Name=NetC8_2
Added Pin To Net: NetName=NetC9_2 Pin=C9-2
Added Pin To Net: NetName=NetC9_2 Pin=R15-1
Added Net: Name=NetC9_2
Added Pin To Net: NetName=NetC10_2 Pin=C10-2
Added Pin To Net: NetName=NetC10_2 Pin=R20-2
Added Pin To Net: NetName=NetC10_2 Pin=R24-1
Added Net: Name=NetC10_2
Added Pin To Net: NetName=NetC11_1 Pin=R14-2
Added Pin To Net: NetName=NetC11_1 Pin=R27-1
Added Pin To Net: NetName=NetC11_1 Pin=U7-1
Added Net: Name=NetC11_1
Added Pin To Net: NetName=NetJ1_1 Pin=J1-1
Added Pin To Net: NetName=NetJ1_1 Pin=U1-31
Added Net: Name=NetJ1_1
Added Pin To Net: NetName=NetJ1_2 Pin=J1-2
Added Pin To Net: NetName=NetJ1_2 Pin=U1-32
Added Net: Name=NetJ1_2
Added Pin To Net: NetName=NetJ1_3 Pin=J1-3
Added Pin To Net: NetName=NetJ1_3 Pin=U1-1
Added Net: Name=NetJ1_3
Added Pin To Net: NetName=NetJ1_4 Pin=J1-4
Added Pin To Net: NetName=NetJ1_4 Pin=U1-2
Added Net: Name=NetJ1_4
Added Pin To Net: NetName=NetJ1_5 Pin=J1-5
Added Pin To Net: NetName=NetJ1_5 Pin=U1-3
Added Net: Name=NetJ1_5
Added Pin To Net: NetName=NetJ1_6 Pin=J1-6
Added Pin To Net: NetName=NetJ1_6 Pin=U1-6
Added Net: Name=NetJ1_6
Added Pin To Net: NetName=NetJ1_7 Pin=J1-7
Added Pin To Net: NetName=NetJ1_7 Pin=U1-7
Added Net: Name=NetJ1_7
Added Pin To Net: NetName=NetJ1_8 Pin=J1-8
Added Pin To Net: NetName=NetJ1_8 Pin=U1-8
Added Net: Name=NetJ1_8
Added Pin To Net: NetName=NetJ2_2 Pin=J2-2
Added Pin To Net: NetName=NetJ2_2 Pin=U1-20
Added Net: Name=NetJ2_2
Added Pin To Net: NetName=NetJ2_3 Pin=J2-3
Added Pin To Net: NetName=NetJ2_3 Pin=U1-22
Added Net: Name=NetJ2_3
Added Pin To Net: NetName=NetJ3_3 Pin=J3-3
Added Pin To Net: NetName=NetJ3_3 Pin=U1-24
Added Net: Name=NetJ3_3
Added Pin To Net: NetName=NetJ4_3 Pin=J4-3
Added Pin To Net: NetName=NetJ4_3 Pin=R1-2
Added Net: Name=NetJ4_3
Added Pin To Net: NetName=NetJ6_1 Pin=J6-1
Added Pin To Net: NetName=NetJ6_1 Pin=U5-3
Added Net: Name=NetJ6_1
Added Pin To Net: NetName=NetJ6_2 Pin=J6-2
Added Pin To Net: NetName=NetJ6_2 Pin=U5-2
Added Net: Name=NetJ6_2
Added Pin To Net: NetName=NetJ7_1 Pin=J7-1
Added Pin To Net: NetName=NetJ7_1 Pin=R22-1
Added Net: Name=NetJ7_1
Added Pin To Net: NetName=NetQ2_1 Pin=R27-2
Added Net: Name=NetQ2_1
Added Pin To Net: NetName=NetQ2_2 Pin=R16-2
Added Pin To Net: NetName=NetQ2_2 Pin=R26-1
Added Pin To Net: NetName=NetQ2_2 Pin=U6-8
Added Net: Name=NetQ2_2
Added Pin To Net: NetName=NetR1_1 Pin=R1-1
Added Pin To Net: NetName=NetR1_1 Pin=R2-2
Added Net: Name=NetR1_1
Added Pin To Net: NetName=NetR15_2 Pin=R15-2
Added Pin To Net: NetName=NetR15_2 Pin=U6-9
Added Net: Name=NetR15_2
Added Pin To Net: NetName=NetR17_2 Pin=R17-2
Added Pin To Net: NetName=NetR17_2 Pin=U6-10
Added Net: Name=NetR17_2
Added Pin To Net: NetName=NetR19_2 Pin=R19-2
Added Pin To Net: NetName=NetR19_2 Pin=U7-2
Added Net: Name=NetR19_2
Added Pin To Net: NetName=NetR21_1 Pin=R21-1
Added Pin To Net: NetName=NetR21_1 Pin=R22-2
Added Pin To Net: NetName=NetR21_1 Pin=U9-1
Added Net: Name=NetR21_1
Added Pin To Net: NetName=NetR23_1 Pin=R23-1
Added Pin To Net: NetName=NetR23_1 Pin=U11-1
Added Net: Name=NetR23_1
Added Pin To Net: NetName=NetR24_2 Pin=R24-2
Added Pin To Net: NetName=NetR24_2 Pin=R25-2
Added Pin To Net: NetName=NetR24_2 Pin=U11-4
Added Net: Name=NetR24_2
Added Pin To Net: NetName=R/W Pin=J4-5
Added Pin To Net: NetName=R/W Pin=U1-10
Added Net: Name=R/W
Added Pin To Net: NetName=RS Pin=J4-4
Added Pin To Net: NetName=RS Pin=U1-9
Added Net: Name=RS
Added Class: Name=2_PSU
Added Member To Class: ClassName=1_Controller Member=Component C1 Capacitor
Added Member To Class: ClassName=1_Controller Member=Component C2 Capacitor
Added Member To Class: ClassName=1_Controller Member=Component J1 61300811121
Added Member To Class: ClassName=1_Controller Member=Component J2 61300411121
Added Member To Class: ClassName=1_Controller Member=Component J3 61300411121
Added Member To Class: ClassName=1_Controller Member=Component J4 61300811121
Added Member To Class: ClassName=1_Controller Member=Component J5 61300621121
Added Member To Class: ClassName=1_Controller Member=Component R1 Resistor
Added Member To Class: ClassName=1_Controller Member=Component R2 Res Adj1
Added Member To Class: ClassName=1_Controller Member=Component U1 ATtiny828
Added Member To Class: ClassName=1_Controller Member=Component U? REF3440SQDBVRQ1
Added Member To Class: ClassName=1_Controller Member=Component U? MCP4922T-E_SL
Added Member To Class: ClassName=1_Controller Member=Component U? MCP3202-BI_SN
Added Room: Name=1_Controller
Added Room: Name=2_PSU
